<?xml version="1.0" encoding="UTF-8" standalone="no"?><testsuite errors="0" failures="0" name="Add Kelola Jadwal - Admin" skipped="0" tests="5" time="268.92" timestamp="2022-07-10 04:29:19"><testcase name="As a admin i want to Add Manage Schedule Rawat Jalan"/><testcase name="As a admin i want to Add Manage Schedule Rawat Biasa"/><testcase name="As a admin i want to Add Manage Schedule Rawat Jalan - KosongTanggal"/><testcase name="As a admin i want to Add Manage Schedule Rawat Biasa - Tidak memilih Perawat"/><testcase name="As a admin i want to Add Manage Schedule Rawat Biasa - Tanpa tanggal dan perawat"/></testsuite>