<?xml version="1.0" encoding="UTF-8" standalone="no"?><testsuite errors="0" failures="1" name="Search Data Dokter - Admin" skipped="0" tests="2" time="60.38" timestamp="2022-07-16 12:49:35"><testcase name="As a admin i want to delete data dokter"><failure message="Expected enabled element was not enabled&#10;Build info: version: '4.1.4', revision: '535d840ee2'&#10;System info: host: 'LAPTOP-SQP5LMI4', ip: '192.168.100.42', os.name: 'Windows 11', os.arch: 'amd64', os.version: '10.0', java.version: '11.0.15'&#10;Driver info: driver.version: unknown" type="net.thucydides.core.webdriver.exceptions.ElementShouldBeEnabledException">Expected enabled element was not enabled
Build info: version: '4.1.4', revision: '535d840ee2'
System info: host: 'LAPTOP-SQP5LMI4', ip: '192.168.100.42', os.name: 'Windows 11', os.arch: 'amd64', os.version: '10.0', java.version: '11.0.15'
Driver info: driver.version: unknown</failure><system-err>Expected enabled element was not enabled
Build info: version: '4.1.4', revision: '535d840ee2'
System info: host: 'LAPTOP-SQP5LMI4', ip: '192.168.100.42', os.name: 'Windows 11', os.arch: 'amd64', os.version: '10.0', java.version: '11.0.15'
Driver info: driver.version: unknown&#13;
TestingWeb@1.0-SNAPSHOT/starter.pages.DashboardPage.clickButtonDataDokter(DashboardPage.java:69)&#13;
TestingWeb@1.0-SNAPSHOT/starter.stepdefinitios.DokterDataSteps.clickButtonDataDokter(DokterDataSteps.java:22)&#13;
✽.Click button data dokter(file:///C:/Alterra/Web/TestingWeb/src/test/resources/features/SearchDataDokter.feature:10)&#13;
</system-err></testcase></testsuite>