<?xml version="1.0" encoding="UTF-8" standalone="no"?><testsuite errors="0" failures="3" name="Add Data Pasien - Admin" skipped="0" tests="13" time="366.28" timestamp="2022-07-16 12:28:46"><testcase name="As a admin i want to add data pasien (JK Laki-Laki) - Valid"/><testcase name="As a admin i want to add data pasien (JK Laki-Laki) - Valid not Gender"><failure message="Expected enabled element was not enabled&#10;Build info: version: '4.1.4', revision: '535d840ee2'&#10;System info: host: 'LAPTOP-SQP5LMI4', ip: '192.168.100.42', os.name: 'Windows 11', os.arch: 'amd64', os.version: '10.0', java.version: '11.0.15'&#10;Driver info: driver.version: unknown" type="net.thucydides.core.webdriver.exceptions.ElementShouldBeEnabledException">Expected enabled element was not enabled
Build info: version: '4.1.4', revision: '535d840ee2'
System info: host: 'LAPTOP-SQP5LMI4', ip: '192.168.100.42', os.name: 'Windows 11', os.arch: 'amd64', os.version: '10.0', java.version: '11.0.15'
Driver info: driver.version: unknown</failure><system-err>Expected enabled element was not enabled
Build info: version: '4.1.4', revision: '535d840ee2'
System info: host: 'LAPTOP-SQP5LMI4', ip: '192.168.100.42', os.name: 'Windows 11', os.arch: 'amd64', os.version: '10.0', java.version: '11.0.15'
Driver info: driver.version: unknown&#13;
TestingWeb@1.0-SNAPSHOT/starter.pages.DashboardPage.clickButtonDataPasien(DashboardPage.java:65)&#13;
TestingWeb@1.0-SNAPSHOT/starter.stepdefinitios.PatientDataSteps.clickButtonDataPasien(PatientDataSteps.java:25)&#13;
✽.Click button data pasien(file:///C:/Alterra/Web/TestingWeb/src/test/resources/features/AddDataPasien.feature:29)&#13;
</system-err></testcase><testcase name="As a admin i want to add data pasien (JK Laki-Laki) - Kosong"><failure message="Expected enabled element was not enabled&#10;Build info: version: '4.1.4', revision: '535d840ee2'&#10;System info: host: 'LAPTOP-SQP5LMI4', ip: '192.168.100.42', os.name: 'Windows 11', os.arch: 'amd64', os.version: '10.0', java.version: '11.0.15'&#10;Driver info: driver.version: unknown" type="net.thucydides.core.webdriver.exceptions.ElementShouldBeEnabledException">Expected enabled element was not enabled
Build info: version: '4.1.4', revision: '535d840ee2'
System info: host: 'LAPTOP-SQP5LMI4', ip: '192.168.100.42', os.name: 'Windows 11', os.arch: 'amd64', os.version: '10.0', java.version: '11.0.15'
Driver info: driver.version: unknown</failure><system-err>Expected enabled element was not enabled
Build info: version: '4.1.4', revision: '535d840ee2'
System info: host: 'LAPTOP-SQP5LMI4', ip: '192.168.100.42', os.name: 'Windows 11', os.arch: 'amd64', os.version: '10.0', java.version: '11.0.15'
Driver info: driver.version: unknown&#13;
TestingWeb@1.0-SNAPSHOT/starter.pages.DashboardPage.clickButtonDataPasien(DashboardPage.java:65)&#13;
TestingWeb@1.0-SNAPSHOT/starter.stepdefinitios.PatientDataSteps.clickButtonDataPasien(PatientDataSteps.java:25)&#13;
✽.Click button data pasien(file:///C:/Alterra/Web/TestingWeb/src/test/resources/features/AddDataPasien.feature:45)&#13;
</system-err></testcase><testcase name="As a admin i want to add data pasien (JK Laki-Laki) - Invalid"><failure message="Expected enabled element was not enabled&#10;Build info: version: '4.1.4', revision: '535d840ee2'&#10;System info: host: 'LAPTOP-SQP5LMI4', ip: '192.168.100.42', os.name: 'Windows 11', os.arch: 'amd64', os.version: '10.0', java.version: '11.0.15'&#10;Driver info: driver.version: unknown" type="net.thucydides.core.webdriver.exceptions.ElementShouldBeEnabledException">Expected enabled element was not enabled
Build info: version: '4.1.4', revision: '535d840ee2'
System info: host: 'LAPTOP-SQP5LMI4', ip: '192.168.100.42', os.name: 'Windows 11', os.arch: 'amd64', os.version: '10.0', java.version: '11.0.15'
Driver info: driver.version: unknown</failure><system-err>Expected enabled element was not enabled
Build info: version: '4.1.4', revision: '535d840ee2'
System info: host: 'LAPTOP-SQP5LMI4', ip: '192.168.100.42', os.name: 'Windows 11', os.arch: 'amd64', os.version: '10.0', java.version: '11.0.15'
Driver info: driver.version: unknown&#13;
TestingWeb@1.0-SNAPSHOT/starter.pages.DashboardPage.clickButtonDataPasien(DashboardPage.java:65)&#13;
TestingWeb@1.0-SNAPSHOT/starter.stepdefinitios.PatientDataSteps.clickButtonDataPasien(PatientDataSteps.java:25)&#13;
✽.Click button data pasien(file:///C:/Alterra/Web/TestingWeb/src/test/resources/features/AddDataPasien.feature:67)&#13;
</system-err></testcase></testsuite>