<?xml version="1.0" encoding="UTF-8" standalone="no"?><testsuite errors="2" failures="0" name="Data Dokter Admin" skipped="0" tests="29" time="1071.41" timestamp="2022-07-18 03:38:26"><testcase name="As a admin i want to view data dokter"/><testcase name="As a admin i want to detail data dokter"/><testcase name="As a admin i want to add data dokter - Valid"/><testcase name="As a admin i want to add data dokter - Kosong"><error message="element click intercepted: Element &lt;button class=&quot;MuiButton-root MuiButton-contained MuiButton-containedPrimary MuiButton-sizeMedium MuiButton-containedSizeMedium MuiButtonBase-root  css-1n8o9lm&quot; tabindex=&quot;0&quot; type=&quot;submit&quot;&gt;...&lt;/button&gt; is not clickable at point (891, 126). Other element would receive the click: &lt;div aria-hidden=&quot;true&quot; class=&quot;MuiBackdrop-root css-xuaqpw&quot; style=&quot;opacity: 1; transition: opacity 225ms cubic-bezier(0.4, 0, 0.2, 1) 0ms;&quot;&gt;...&lt;/div&gt;&#10;  (Session info: chrome=103.0.5060.114)&#10;Build info: version: '4.1.4', revision: '535d840ee2'&#10;System info: host: 'LAPTOP-SQP5LMI4', ip: '192.168.100.42', os.name: 'Windows 11', os.arch: 'amd64', os.version: '10.0', java.version: '11.0.15'&#10;Driver info: org.openqa.selenium.chrome.ChromeDriver&#10;Command: [c7ed7a8aa4f9c0e5a45fb54726d0a28f, clickElement {id=2255be4f-751b-4155-95f3-502b76942f66}]&#10;Capabilities {acceptInsecureCerts: false, browserName: chrome, browserVersion: 103.0.5060.114, chrome: {chromedriverVersion: 103.0.5060.53 (a1711811edd7..., userDataDir: C:\Users\BAGASD~1\AppData\L...}, goog:chromeOptions: {debuggerAddress: localhost:57358}, javascriptEnabled: true, networkConnectionEnabled: false, pageLoadStrategy: normal, platform: WINDOWS, platformName: WINDOWS, proxy: Proxy(), se:cdp: ws://localhost:57358/devtoo..., se:cdpVersion: 103.0.5060.114, setWindowRect: true, strictFileInteractability: false, timeouts: {implicit: 0, pageLoad: 300000, script: 30000}, unhandledPromptBehavior: dismiss and notify, webauthn:extension:credBlob: true, webauthn:extension:largeBlob: true, webauthn:virtualAuthenticators: true}&#10;Element: [[ChromeDriver: chrome on WINDOWS (c7ed7a8aa4f9c0e5a45fb54726d0a28f)] -&gt; xpath: //*[@type=&quot;submit&quot;]]&#10;Session ID: c7ed7a8aa4f9c0e5a45fb54726d0a28f&#10;Build info: version: '4.1.4', revision: '535d840ee2'&#10;System info: host: 'LAPTOP-SQP5LMI4', ip: '192.168.100.42', os.name: 'Windows 11', os.arch: 'amd64', os.version: '10.0', java.version: '11.0.15'&#10;Driver info: driver.version: unknown" type="org.openqa.selenium.ElementClickInterceptedException">element click intercepted: Element &lt;button class="MuiButton-root MuiButton-contained MuiButton-containedPrimary MuiButton-sizeMedium MuiButton-containedSizeMedium MuiButtonBase-root  css-1n8o9lm" tabindex="0" type="submit"&gt;...&lt;/button&gt; is not clickable at point (891, 126). Other element would receive the click: &lt;div aria-hidden="true" class="MuiBackdrop-root css-xuaqpw" style="opacity: 1; transition: opacity 225ms cubic-bezier(0.4, 0, 0.2, 1) 0ms;"&gt;...&lt;/div&gt;
  (Session info: chrome=103.0.5060.114)
Build info: version: '4.1.4', revision: '535d840ee2'
System info: host: 'LAPTOP-SQP5LMI4', ip: '192.168.100.42', os.name: 'Windows 11', os.arch: 'amd64', os.version: '10.0', java.version: '11.0.15'
Driver info: org.openqa.selenium.chrome.ChromeDriver
Command: [c7ed7a8aa4f9c0e5a45fb54726d0a28f, clickElement {id=2255be4f-751b-4155-95f3-502b76942f66}]
Capabilities {acceptInsecureCerts: false, browserName: chrome, browserVersion: 103.0.5060.114, chrome: {chromedriverVersion: 103.0.5060.53 (a1711811edd7..., userDataDir: C:\Users\BAGASD~1\AppData\L...}, goog:chromeOptions: {debuggerAddress: localhost:57358}, javascriptEnabled: true, networkConnectionEnabled: false, pageLoadStrategy: normal, platform: WINDOWS, platformName: WINDOWS, proxy: Proxy(), se:cdp: ws://localhost:57358/devtoo..., se:cdpVersion: 103.0.5060.114, setWindowRect: true, strictFileInteractability: false, timeouts: {implicit: 0, pageLoad: 300000, script: 30000}, unhandledPromptBehavior: dismiss and notify, webauthn:extension:credBlob: true, webauthn:extension:largeBlob: true, webauthn:virtualAuthenticators: true}
Element: [[ChromeDriver: chrome on WINDOWS (c7ed7a8aa4f9c0e5a45fb54726d0a28f)] -&gt; xpath: //*[@type="submit"]]
Session ID: c7ed7a8aa4f9c0e5a45fb54726d0a28f
Build info: version: '4.1.4', revision: '535d840ee2'
System info: host: 'LAPTOP-SQP5LMI4', ip: '192.168.100.42', os.name: 'Windows 11', os.arch: 'amd64', os.version: '10.0', java.version: '11.0.15'
Driver info: driver.version: unknown</error><system-err>element click intercepted: Element &lt;button class="MuiButton-root MuiButton-contained MuiButton-containedPrimary MuiButton-sizeMedium MuiButton-containedSizeMedium MuiButtonBase-root  css-1n8o9lm" tabindex="0" type="submit"&gt;...&lt;/button&gt; is not clickable at point (891, 126). Other element would receive the click: &lt;div aria-hidden="true" class="MuiBackdrop-root css-xuaqpw" style="opacity: 1; transition: opacity 225ms cubic-bezier(0.4, 0, 0.2, 1) 0ms;"&gt;...&lt;/div&gt;
  (Session info: chrome=103.0.5060.114)
Build info: version: '4.1.4', revision: '535d840ee2'
System info: host: 'LAPTOP-SQP5LMI4', ip: '192.168.100.42', os.name: 'Windows 11', os.arch: 'amd64', os.version: '10.0', java.version: '11.0.15'
Driver info: org.openqa.selenium.chrome.ChromeDriver
Command: [c7ed7a8aa4f9c0e5a45fb54726d0a28f, clickElement {id=2255be4f-751b-4155-95f3-502b76942f66}]
Capabilities {acceptInsecureCerts: false, browserName: chrome, browserVersion: 103.0.5060.114, chrome: {chromedriverVersion: 103.0.5060.53 (a1711811edd7..., userDataDir: C:\Users\BAGASD~1\AppData\L...}, goog:chromeOptions: {debuggerAddress: localhost:57358}, javascriptEnabled: true, networkConnectionEnabled: false, pageLoadStrategy: normal, platform: WINDOWS, platformName: WINDOWS, proxy: Proxy(), se:cdp: ws://localhost:57358/devtoo..., se:cdpVersion: 103.0.5060.114, setWindowRect: true, strictFileInteractability: false, timeouts: {implicit: 0, pageLoad: 300000, script: 30000}, unhandledPromptBehavior: dismiss and notify, webauthn:extension:credBlob: true, webauthn:extension:largeBlob: true, webauthn:virtualAuthenticators: true}
Element: [[ChromeDriver: chrome on WINDOWS (c7ed7a8aa4f9c0e5a45fb54726d0a28f)] -&gt; xpath: //*[@type="submit"]]
Session ID: c7ed7a8aa4f9c0e5a45fb54726d0a28f
Build info: version: '4.1.4', revision: '535d840ee2'
System info: host: 'LAPTOP-SQP5LMI4', ip: '192.168.100.42', os.name: 'Windows 11', os.arch: 'amd64', os.version: '10.0', java.version: '11.0.15'
Driver info: driver.version: unknown&#13;
TestingWeb@1.0-SNAPSHOT/starter.pages.PatientDataPage.clickButtonTambah(PatientDataPage.java:78)&#13;
TestingWeb@1.0-SNAPSHOT/starter.stepdefinitios.PatientDataSteps.clickButtonTambahData(PatientDataSteps.java:35)&#13;
✽.Click button tambah data(file:///C:/Alterra/CapstoneBaru/QE/TestingWebUpdate/src/test/resources/features/3DataDokter.feature:55)&#13;
</system-err></testcase><testcase name="As a admin i want to add data dokter - Invalid"/><testcase name="As a admin i want to edit data dokter - Valid"/><testcase name="As a admin i want to edit data dokter - Invalid"/><testcase name="As a admin i want to delete data dokter - No"/><testcase name="As a admin i want to delete data dokter - Yes"/><testcase name="As a admin i want to delete data dokter"><error message="element click intercepted: Element &lt;select class=&quot;style_containerDropdown__3sZkk&quot; name=&quot;filter&quot; id=&quot;filter&quot;&gt;...&lt;/select&gt; is not clickable at point (527, 126). Other element would receive the click: &lt;div aria-hidden=&quot;true&quot; class=&quot;MuiBackdrop-root css-xuaqpw&quot; style=&quot;opacity: 1; transition: opacity 225ms cubic-bezier(0.4, 0, 0.2, 1) 0ms;&quot;&gt;...&lt;/div&gt;&#10;  (Session info: chrome=103.0.5060.114)&#10;Build info: version: '4.1.4', revision: '535d840ee2'&#10;System info: host: 'LAPTOP-SQP5LMI4', ip: '192.168.100.42', os.name: 'Windows 11', os.arch: 'amd64', os.version: '10.0', java.version: '11.0.15'&#10;Driver info: org.openqa.selenium.chrome.ChromeDriver&#10;Command: [888901e8160a0b4dac31974c72ce846c, clickElement {id=b083f558-3734-4430-83ee-945d639f3b09}]&#10;Capabilities {acceptInsecureCerts: false, browserName: chrome, browserVersion: 103.0.5060.114, chrome: {chromedriverVersion: 103.0.5060.53 (a1711811edd7..., userDataDir: C:\Users\BAGASD~1\AppData\L...}, goog:chromeOptions: {debuggerAddress: localhost:58012}, javascriptEnabled: true, networkConnectionEnabled: false, pageLoadStrategy: normal, platform: WINDOWS, platformName: WINDOWS, proxy: Proxy(), se:cdp: ws://localhost:58012/devtoo..., se:cdpVersion: 103.0.5060.114, setWindowRect: true, strictFileInteractability: false, timeouts: {implicit: 0, pageLoad: 300000, script: 30000}, unhandledPromptBehavior: dismiss and notify, webauthn:extension:credBlob: true, webauthn:extension:largeBlob: true, webauthn:virtualAuthenticators: true}&#10;Element: [[ChromeDriver: chrome on WINDOWS (888901e8160a0b4dac31974c72ce846c)] -&gt; xpath: //*[@name=&quot;filter&quot;]]&#10;Session ID: 888901e8160a0b4dac31974c72ce846c&#10;Build info: version: '4.1.4', revision: '535d840ee2'&#10;System info: host: 'LAPTOP-SQP5LMI4', ip: '192.168.100.42', os.name: 'Windows 11', os.arch: 'amd64', os.version: '10.0', java.version: '11.0.15'&#10;Driver info: driver.version: unknown" type="org.openqa.selenium.ElementClickInterceptedException">element click intercepted: Element &lt;select class="style_containerDropdown__3sZkk" name="filter" id="filter"&gt;...&lt;/select&gt; is not clickable at point (527, 126). Other element would receive the click: &lt;div aria-hidden="true" class="MuiBackdrop-root css-xuaqpw" style="opacity: 1; transition: opacity 225ms cubic-bezier(0.4, 0, 0.2, 1) 0ms;"&gt;...&lt;/div&gt;
  (Session info: chrome=103.0.5060.114)
Build info: version: '4.1.4', revision: '535d840ee2'
System info: host: 'LAPTOP-SQP5LMI4', ip: '192.168.100.42', os.name: 'Windows 11', os.arch: 'amd64', os.version: '10.0', java.version: '11.0.15'
Driver info: org.openqa.selenium.chrome.ChromeDriver
Command: [888901e8160a0b4dac31974c72ce846c, clickElement {id=b083f558-3734-4430-83ee-945d639f3b09}]
Capabilities {acceptInsecureCerts: false, browserName: chrome, browserVersion: 103.0.5060.114, chrome: {chromedriverVersion: 103.0.5060.53 (a1711811edd7..., userDataDir: C:\Users\BAGASD~1\AppData\L...}, goog:chromeOptions: {debuggerAddress: localhost:58012}, javascriptEnabled: true, networkConnectionEnabled: false, pageLoadStrategy: normal, platform: WINDOWS, platformName: WINDOWS, proxy: Proxy(), se:cdp: ws://localhost:58012/devtoo..., se:cdpVersion: 103.0.5060.114, setWindowRect: true, strictFileInteractability: false, timeouts: {implicit: 0, pageLoad: 300000, script: 30000}, unhandledPromptBehavior: dismiss and notify, webauthn:extension:credBlob: true, webauthn:extension:largeBlob: true, webauthn:virtualAuthenticators: true}
Element: [[ChromeDriver: chrome on WINDOWS (888901e8160a0b4dac31974c72ce846c)] -&gt; xpath: //*[@name="filter"]]
Session ID: 888901e8160a0b4dac31974c72ce846c
Build info: version: '4.1.4', revision: '535d840ee2'
System info: host: 'LAPTOP-SQP5LMI4', ip: '192.168.100.42', os.name: 'Windows 11', os.arch: 'amd64', os.version: '10.0', java.version: '11.0.15'
Driver info: driver.version: unknown</error><system-err>element click intercepted: Element &lt;select class="style_containerDropdown__3sZkk" name="filter" id="filter"&gt;...&lt;/select&gt; is not clickable at point (527, 126). Other element would receive the click: &lt;div aria-hidden="true" class="MuiBackdrop-root css-xuaqpw" style="opacity: 1; transition: opacity 225ms cubic-bezier(0.4, 0, 0.2, 1) 0ms;"&gt;...&lt;/div&gt;
  (Session info: chrome=103.0.5060.114)
Build info: version: '4.1.4', revision: '535d840ee2'
System info: host: 'LAPTOP-SQP5LMI4', ip: '192.168.100.42', os.name: 'Windows 11', os.arch: 'amd64', os.version: '10.0', java.version: '11.0.15'
Driver info: org.openqa.selenium.chrome.ChromeDriver
Command: [888901e8160a0b4dac31974c72ce846c, clickElement {id=b083f558-3734-4430-83ee-945d639f3b09}]
Capabilities {acceptInsecureCerts: false, browserName: chrome, browserVersion: 103.0.5060.114, chrome: {chromedriverVersion: 103.0.5060.53 (a1711811edd7..., userDataDir: C:\Users\BAGASD~1\AppData\L...}, goog:chromeOptions: {debuggerAddress: localhost:58012}, javascriptEnabled: true, networkConnectionEnabled: false, pageLoadStrategy: normal, platform: WINDOWS, platformName: WINDOWS, proxy: Proxy(), se:cdp: ws://localhost:58012/devtoo..., se:cdpVersion: 103.0.5060.114, setWindowRect: true, strictFileInteractability: false, timeouts: {implicit: 0, pageLoad: 300000, script: 30000}, unhandledPromptBehavior: dismiss and notify, webauthn:extension:credBlob: true, webauthn:extension:largeBlob: true, webauthn:virtualAuthenticators: true}
Element: [[ChromeDriver: chrome on WINDOWS (888901e8160a0b4dac31974c72ce846c)] -&gt; xpath: //*[@name="filter"]]
Session ID: 888901e8160a0b4dac31974c72ce846c
Build info: version: '4.1.4', revision: '535d840ee2'
System info: host: 'LAPTOP-SQP5LMI4', ip: '192.168.100.42', os.name: 'Windows 11', os.arch: 'amd64', os.version: '10.0', java.version: '11.0.15'
Driver info: driver.version: unknown&#13;
TestingWeb@1.0-SNAPSHOT/starter.pages.PatientDataPage.clickButtonAllCategory(PatientDataPage.java:155)&#13;
TestingWeb@1.0-SNAPSHOT/starter.stepdefinitios.DokterDataSteps.clickSearchAllCategoryDokterData(DokterDataSteps.java:76)&#13;
✽.Click search all category dokter data(file:///C:/Alterra/CapstoneBaru/QE/TestingWebUpdate/src/test/resources/features/3DataDokter.feature:171)&#13;
</system-err></testcase></testsuite>