<?xml version="1.0" encoding="UTF-8" standalone="no"?><testsuite errors="1" failures="1" name="Add Kelola Jadwal - Admin" skipped="0" tests="5" time="171.06" timestamp="2022-07-16 12:34:52"><testcase name="As a admin i want to Add Manage Schedule Rawat Jalan"/><testcase name="As a admin i want to Add Manage Schedule Rawat Biasa"><error message="no such element: Unable to locate element: {&quot;method&quot;:&quot;xpath&quot;,&quot;selector&quot;:&quot;//*[@name=&quot;username&quot;]&quot;}&#10;  (Session info: chrome=103.0.5060.114)&#10;For documentation on this error, please visit: https://selenium.dev/exceptions/#no_such_element&#10;Build info: version: '4.1.4', revision: '535d840ee2'&#10;System info: host: 'LAPTOP-SQP5LMI4', ip: '192.168.100.42', os.name: 'Windows 11', os.arch: 'amd64', os.version: '10.0', java.version: '11.0.15'&#10;Driver info: org.openqa.selenium.chrome.ChromeDriver&#10;Command: [05d49d5a11842fbb420353e0f0e64361, findElement {using=xpath, value=//*[@name=&quot;username&quot;]}]&#10;Capabilities {acceptInsecureCerts: false, browserName: chrome, browserVersion: 103.0.5060.114, chrome: {chromedriverVersion: 103.0.5060.53 (a1711811edd7..., userDataDir: C:\Users\BAGASD~1\AppData\L...}, goog:chromeOptions: {debuggerAddress: localhost:64857}, javascriptEnabled: true, networkConnectionEnabled: false, pageLoadStrategy: normal, platform: WINDOWS, platformName: WINDOWS, proxy: Proxy(), se:cdp: ws://localhost:64857/devtoo..., se:cdpVersion: 103.0.5060.114, setWindowRect: true, strictFileInteractability: false, timeouts: {implicit: 0, pageLoad: 300000, script: 30000}, unhandledPromptBehavior: dismiss and notify, webauthn:extension:credBlob: true, webauthn:extension:largeBlob: true, webauthn:virtualAuthenticators: true}&#10;Session ID: 05d49d5a11842fbb420353e0f0e64361&#10;For documentation on this error, please visit: https://selenium.dev/exceptions/#no_such_element&#10;Build info: version: '4.1.4', revision: '535d840ee2'&#10;System info: host: 'LAPTOP-SQP5LMI4', ip: '192.168.100.42', os.name: 'Windows 11', os.arch: 'amd64', os.version: '10.0', java.version: '11.0.15'&#10;Driver info: driver.version: unknown" type="org.openqa.selenium.NoSuchElementException">no such element: Unable to locate element: {"method":"xpath","selector":"//*[@name="username"]"}
  (Session info: chrome=103.0.5060.114)
For documentation on this error, please visit: https://selenium.dev/exceptions/#no_such_element
Build info: version: '4.1.4', revision: '535d840ee2'
System info: host: 'LAPTOP-SQP5LMI4', ip: '192.168.100.42', os.name: 'Windows 11', os.arch: 'amd64', os.version: '10.0', java.version: '11.0.15'
Driver info: org.openqa.selenium.chrome.ChromeDriver
Command: [05d49d5a11842fbb420353e0f0e64361, findElement {using=xpath, value=//*[@name="username"]}]
Capabilities {acceptInsecureCerts: false, browserName: chrome, browserVersion: 103.0.5060.114, chrome: {chromedriverVersion: 103.0.5060.53 (a1711811edd7..., userDataDir: C:\Users\BAGASD~1\AppData\L...}, goog:chromeOptions: {debuggerAddress: localhost:64857}, javascriptEnabled: true, networkConnectionEnabled: false, pageLoadStrategy: normal, platform: WINDOWS, platformName: WINDOWS, proxy: Proxy(), se:cdp: ws://localhost:64857/devtoo..., se:cdpVersion: 103.0.5060.114, setWindowRect: true, strictFileInteractability: false, timeouts: {implicit: 0, pageLoad: 300000, script: 30000}, unhandledPromptBehavior: dismiss and notify, webauthn:extension:credBlob: true, webauthn:extension:largeBlob: true, webauthn:virtualAuthenticators: true}
Session ID: 05d49d5a11842fbb420353e0f0e64361
For documentation on this error, please visit: https://selenium.dev/exceptions/#no_such_element
Build info: version: '4.1.4', revision: '535d840ee2'
System info: host: 'LAPTOP-SQP5LMI4', ip: '192.168.100.42', os.name: 'Windows 11', os.arch: 'amd64', os.version: '10.0', java.version: '11.0.15'
Driver info: driver.version: unknown</error><system-err>no such element: Unable to locate element: {"method":"xpath","selector":"//*[@name="username"]"}
  (Session info: chrome=103.0.5060.114)
For documentation on this error, please visit: https://selenium.dev/exceptions/#no_such_element
Build info: version: '4.1.4', revision: '535d840ee2'
System info: host: 'LAPTOP-SQP5LMI4', ip: '192.168.100.42', os.name: 'Windows 11', os.arch: 'amd64', os.version: '10.0', java.version: '11.0.15'
Driver info: org.openqa.selenium.chrome.ChromeDriver
Command: [05d49d5a11842fbb420353e0f0e64361, findElement {using=xpath, value=//*[@name="username"]}]
Capabilities {acceptInsecureCerts: false, browserName: chrome, browserVersion: 103.0.5060.114, chrome: {chromedriverVersion: 103.0.5060.53 (a1711811edd7..., userDataDir: C:\Users\BAGASD~1\AppData\L...}, goog:chromeOptions: {debuggerAddress: localhost:64857}, javascriptEnabled: true, networkConnectionEnabled: false, pageLoadStrategy: normal, platform: WINDOWS, platformName: WINDOWS, proxy: Proxy(), se:cdp: ws://localhost:64857/devtoo..., se:cdpVersion: 103.0.5060.114, setWindowRect: true, strictFileInteractability: false, timeouts: {implicit: 0, pageLoad: 300000, script: 30000}, unhandledPromptBehavior: dismiss and notify, webauthn:extension:credBlob: true, webauthn:extension:largeBlob: true, webauthn:virtualAuthenticators: true}
Session ID: 05d49d5a11842fbb420353e0f0e64361
For documentation on this error, please visit: https://selenium.dev/exceptions/#no_such_element
Build info: version: '4.1.4', revision: '535d840ee2'
System info: host: 'LAPTOP-SQP5LMI4', ip: '192.168.100.42', os.name: 'Windows 11', os.arch: 'amd64', os.version: '10.0', java.version: '11.0.15'
Driver info: driver.version: unknown&#13;
TestingWeb@1.0-SNAPSHOT/starter.pages.LoginPage.inputEmailLogin(LoginPage.java:54)&#13;
TestingWeb@1.0-SNAPSHOT/starter.stepdefinitios.LoginSteps.iInputLoginEmailValid(LoginSteps.java:89)&#13;
✽.I input "admin" login email valid(file:///C:/Alterra/Web/TestingWeb/src/test/resources/features/AddKelolaJadwal.feature:27)&#13;
</system-err></testcase><testcase name="As a admin i want to Add Manage Schedule Rawat Biasa - tidak ada tanggal"><failure message="Expected enabled element was not enabled&#10;Build info: version: '4.1.4', revision: '535d840ee2'&#10;System info: host: 'LAPTOP-SQP5LMI4', ip: '192.168.100.42', os.name: 'Windows 11', os.arch: 'amd64', os.version: '10.0', java.version: '11.0.15'&#10;Driver info: driver.version: unknown" type="net.thucydides.core.webdriver.exceptions.ElementShouldBeEnabledException">Expected enabled element was not enabled
Build info: version: '4.1.4', revision: '535d840ee2'
System info: host: 'LAPTOP-SQP5LMI4', ip: '192.168.100.42', os.name: 'Windows 11', os.arch: 'amd64', os.version: '10.0', java.version: '11.0.15'
Driver info: driver.version: unknown</failure><system-err>Expected enabled element was not enabled
Build info: version: '4.1.4', revision: '535d840ee2'
System info: host: 'LAPTOP-SQP5LMI4', ip: '192.168.100.42', os.name: 'Windows 11', os.arch: 'amd64', os.version: '10.0', java.version: '11.0.15'
Driver info: driver.version: unknown&#13;
TestingWeb@1.0-SNAPSHOT/starter.pages.DashboardPage.clickButtonKelolaJadwal(DashboardPage.java:73)&#13;
TestingWeb@1.0-SNAPSHOT/starter.stepdefinitios.KelolaJadwalSteps.clickButtonManageSchedule(KelolaJadwalSteps.java:25)&#13;
✽.Click button manage schedule(file:///C:/Alterra/Web/TestingWeb/src/test/resources/features/AddKelolaJadwal.feature:51)&#13;
</system-err></testcase><testcase name="As a admin i want to Add Manage Schedule Rawat Biasa - tidak ada perawat"/><testcase name="As a admin i want to Add Manage Schedule Rawat Biasa - tidak ada perawat &amp; tanggal"/></testsuite>