<?xml version="1.0" encoding="UTF-8"?>
<testsuite xmlns:xsi="http://www.w3.org/2001/XMLSchema-instance" xsi:noNamespaceSchemaLocation="https://maven.apache.org/surefire/maven-failsafe-plugin/xsd/failsafe-test-report-3.0.xsd" version="3.0" name="CucumberTestSuite" time="316.085" tests="5" errors="0" skipped="0" failures="0">
  <properties>
[...]
</properties>
  <testcase name="As a admin i want to Add Manage Schedule Rawat Jalan" classname="Add Kelola Jadwal - Admin" time="123.179">
    <system-out><![CDATA[16:29:16.826 [main] INFO io.cucumber.core.plugin.SerenityReporter - Running feature from file:///D:/Kel-1-capstone/TestingWeb/src/test/resources/features/AddDataDokter.feature
16:29:18.263 [main] INFO  - 

-------------------------------------------------------------------------------------
     _______. _______ .______       _______ .__   __.  __  .___________.____    ____ 
    /       ||   ____||   _  \     |   ____||  \ |  | |  | |           |\   \  /   / 
   |   (----`|  |__   |  |_)  |    |  |__   |   \|  | |  | `---|  |----` \   \/   /  
    \   \    |   __|  |      /     |   __|  |  . `  | |  |     |  |       \_    _/   
.----)   |   |  |____ |  |\  \----.|  |____ |  |\   | |  |     |  |         |  |     
|_______/    |_______|| _| `._____||_______||__| \__| |__|     |__|         |__|    
                                                                                     
 News and tutorials at http://www.serenity-bdd.info                                  
 Documentation at https://wakaleo.gitbooks.io/the-serenity-book/content/             
 Join the Serenity Community on Gitter: https://gitter.im/serenity-bdd/serenity-core 
 Serenity BDD Support and Training at http://serenity-bdd.info/#/trainingandsupport  
-------------------------------------------------------------------------------------

16:29:18.273 [main] DEBUG net.thucydides.core.steps.StepEventBus - Test suite started for story net.thucydides.core.model.Story@f27570ba
16:29:18.283 [main] INFO  - Test Suite Started: Add Data Dokter - Admin
16:29:18.339 [main] INFO io.cucumber.core.plugin.SerenityReporter - Running feature from file:///D:/Kel-1-capstone/TestingWeb/src/test/resources/features/AddDataPasien.feature
16:29:18.364 [main] DEBUG net.thucydides.core.steps.StepEventBus - Test suite started for story net.thucydides.core.model.Story@2ed0929a
16:29:18.369 [main] INFO  - Test Suite Started: Add Data Pasien - Admin
16:29:18.369 [main] INFO io.cucumber.core.plugin.SerenityReporter - Running feature from file:///D:/Kel-1-capstone/TestingWeb/src/test/resources/features/AddKelolaJadwal.feature
16:29:18.395 [main] DEBUG net.thucydides.core.steps.StepEventBus - Test suite started for story net.thucydides.core.model.Story@346b43ca
16:29:18.399 [main] INFO  - Test Suite Started: Add Kelola Jadwal - Admin
16:29:18.400 [main] INFO io.cucumber.core.plugin.SerenityReporter - Running feature from file:///D:/Kel-1-capstone/TestingWeb/src/test/resources/features/DeleteDataDokter.feature
16:29:18.436 [main] DEBUG net.thucydides.core.steps.StepEventBus - Test suite started for story net.thucydides.core.model.Story@f29440ba
16:29:18.439 [main] INFO  - Test Suite Started: Delete Data Dokter - Admin
16:29:18.439 [main] INFO io.cucumber.core.plugin.SerenityReporter - Running feature from file:///D:/Kel-1-capstone/TestingWeb/src/test/resources/features/DeleteDataPasien.feature
16:29:18.459 [main] DEBUG net.thucydides.core.steps.StepEventBus - Test suite started for story net.thucydides.core.model.Story@2eef629a
16:29:18.460 [main] INFO  - Test Suite Started: Delete Data Pasien - Admin
16:29:18.460 [main] INFO io.cucumber.core.plugin.SerenityReporter - Running feature from file:///D:/Kel-1-capstone/TestingWeb/src/test/resources/features/DetailDataDokter.feature
16:29:18.479 [main] DEBUG net.thucydides.core.steps.StepEventBus - Test suite started for story net.thucydides.core.model.Story@4f1566fa
16:29:18.479 [main] INFO  - Test Suite Started: Detail Data Dokter - Admin
16:29:18.479 [main] INFO io.cucumber.core.plugin.SerenityReporter - Running feature from file:///D:/Kel-1-capstone/TestingWeb/src/test/resources/features/DetailDataPasien.feature
16:29:18.491 [main] DEBUG net.thucydides.core.steps.StepEventBus - Test suite started for story net.thucydides.core.model.Story@8b7088da
16:29:18.497 [main] INFO  - Test Suite Started: Detail Data Pasien - Admin
16:29:18.497 [main] INFO io.cucumber.core.plugin.SerenityReporter - Running feature from file:///D:/Kel-1-capstone/TestingWeb/src/test/resources/features/EditDataDokter.feature
16:29:18.509 [main] DEBUG net.thucydides.core.steps.StepEventBus - Test suite started for story net.thucydides.core.model.Story@44a0505a
16:29:18.517 [main] INFO  - Test Suite Started: Edit Data Dokter - Admin
16:29:18.517 [main] INFO io.cucumber.core.plugin.SerenityReporter - Running feature from file:///D:/Kel-1-capstone/TestingWeb/src/test/resources/features/EditDataPasien.feature
16:29:18.581 [main] DEBUG net.thucydides.core.steps.StepEventBus - Test suite started for story net.thucydides.core.model.Story@80fb723a
16:29:18.581 [main] INFO  - Test Suite Started: Edit Data Pasien - Admin
16:29:18.581 [main] INFO io.cucumber.core.plugin.SerenityReporter - Running feature from file:///D:/Kel-1-capstone/TestingWeb/src/test/resources/features/SearchArsipJadwal.feature
16:29:18.621 [main] DEBUG net.thucydides.core.steps.StepEventBus - Test suite started for story net.thucydides.core.model.Story@4d12b45e
16:29:18.629 [main] INFO  - Test Suite Started: Search Arsip Jadwal - Admin
16:29:18.629 [main] INFO io.cucumber.core.plugin.SerenityReporter - Running feature from file:///D:/Kel-1-capstone/TestingWeb/src/test/resources/features/SearchDataDokter.feature
16:29:18.661 [main] DEBUG net.thucydides.core.steps.StepEventBus - Test suite started for story net.thucydides.core.model.Story@b9f7eb9a
16:29:18.661 [main] INFO  - Test Suite Started: Search Data Dokter - Admin
16:29:18.661 [main] INFO io.cucumber.core.plugin.SerenityReporter - Running feature from file:///D:/Kel-1-capstone/TestingWeb/src/test/resources/features/SearchDataPasien.feature
16:29:18.685 [main] DEBUG net.thucydides.core.steps.StepEventBus - Test suite started for story net.thucydides.core.model.Story@f6530d7a
16:29:18.685 [main] INFO  - Test Suite Started: Search Data Pasien - Admin
16:29:18.685 [main] INFO io.cucumber.core.plugin.SerenityReporter - Running feature from file:///D:/Kel-1-capstone/TestingWeb/src/test/resources/features/ViewArsipJadwal.feature
16:29:18.701 [main] DEBUG net.thucydides.core.steps.StepEventBus - Test suite started for story net.thucydides.core.model.Story@cccefd7e
16:29:18.701 [main] INFO  - Test Suite Started: View Arsip Jadwal - Admin
16:29:18.701 [main] INFO io.cucumber.core.plugin.SerenityReporter - Running feature from file:///D:/Kel-1-capstone/TestingWeb/src/test/resources/features/ViewDataDokter.feature
16:29:18.725 [main] DEBUG net.thucydides.core.steps.StepEventBus - Test suite started for story net.thucydides.core.model.Story@5afdfe7a
16:29:18.725 [main] INFO  - Test Suite Started: View Data Dokter - Admin
16:29:18.725 [main] INFO io.cucumber.core.plugin.SerenityReporter - Running feature from file:///D:/Kel-1-capstone/TestingWeb/src/test/resources/features/ViewDataPasien.feature
16:29:18.741 [main] DEBUG net.thucydides.core.steps.StepEventBus - Test suite started for story net.thucydides.core.model.Story@9759205a
16:29:18.749 [main] INFO  - Test Suite Started: View Data Pasien - Admin
16:29:18.749 [main] INFO io.cucumber.core.plugin.SerenityReporter - Running feature from file:///D:/Kel-1-capstone/TestingWeb/src/test/resources/features/ViewKelolaJadwal.feature
16:29:18.765 [main] DEBUG net.thucydides.core.steps.StepEventBus - Test suite started for story net.thucydides.core.model.Story@9d07618a
16:29:18.773 [main] INFO  - Test Suite Started: View Kelola Jadwal - Admin
16:29:18.773 [main] INFO io.cucumber.core.plugin.SerenityReporter - Running feature from file:///D:/Kel-1-capstone/TestingWeb/src/test/resources/features/AddKelolaJadwal.feature
16:29:18.805 [main] DEBUG net.thucydides.core.steps.StepEventBus - Test suite started for story net.thucydides.core.model.Story@346b43ca
16:29:18.805 [main] INFO  - Test Suite Started: Add Kelola Jadwal - Admin

@AddKelolaJadwal @AddKelolaJadwalRawatJalan
Scenario Outline: As a admin i want to Add Manage Schedule Rawat Jalan &amp#27;[90m# src/test/resources/features/AddKelolaJadwal.feature:17&amp#27;[0m
16:29:19.309 [main] INFO io.cucumber.core.plugin.SerenityReporter - Running feature from file:///D:/Kel-1-capstone/TestingWeb/src/test/resources/features/AddKelolaJadwal.feature
16:29:19.757 [main] INFO  - 
  _____   ___   ___   _____     ___   _____     _     ___   _____   ___   ___  
 |_   _| | __| / __| |_   _|   / __| |_   _|   /_\   | _ \ |_   _| | __| |   \ 
   | |   | _|  \__ \   | |     \__ \   | |    / _ \  |   /   | |   | _|  | |) |
   |_|   |___| |___/   |_|     |___/   |_|   /_/ \_\ |_|_\   |_|   |___| |___/ 

As a admin i want to Add Manage Schedule Rawat Jalan(add-kelola-jadwal---admin;as-a-admin-i-want-to-add-manage-schedule-rawat-jalan)
--------------------------------------------------------------------------------
16:29:24.819 [main] DEBUG net.thucydides.core.steps.StepInterceptor - STARTING STEP: KelolaJadwalSteps.openPageKelolaJadwal - openKelolaJadwal
16:29:24.947 [main] INFO net.serenitybdd.core.webdriver.driverproviders.ChromeDriverProvider - Using automatically driver download
16:29:30.170 [main] DEBUG io.github.bonigarcia.wdm.cache.ResolutionCache - Resolution chrome=103 in cache (valid until 17:02:47 10/07/2022 ICT)
16:29:30.202 [main] DEBUG io.github.bonigarcia.wdm.cache.ResolutionCache - Resolution chrome103=103.0.5060.53 in cache (valid until 16:02:47 11/07/2022 ICT)
16:29:30.218 [main] INFO io.github.bonigarcia.wdm.WebDriverManager - Using chromedriver 103.0.5060.53 (resolved driver for Chrome 103)
16:29:30.310 [main] DEBUG io.github.bonigarcia.wdm.WebDriverManager - Driver chromedriver 103.0.5060.53 found in cache
16:29:30.321 [main] INFO io.github.bonigarcia.wdm.WebDriverManager - Exporting webdriver.chrome.driver as C:\Users\ASUS\.cache\selenium\chromedriver\win32\103.0.5060.53\chromedriver.exe
16:29:32.190 [main] DEBUG net.thucydides.core.reflection.ClassFinder - Could not load class .CucumberTestSuite
16:29:32.190 [main] DEBUG net.thucydides.core.reflection.ClassFinder - Could not load class .starter.pages.ArsipJadwalPage
16:29:32.190 [main] DEBUG net.thucydides.core.reflection.ClassFinder - Could not load class .starter.pages.DashboardPage
16:29:32.190 [main] DEBUG net.thucydides.core.reflection.ClassFinder - Could not load class .starter.pages.DokterDataPage
16:29:32.190 [main] DEBUG net.thucydides.core.reflection.ClassFinder - Could not load class .starter.pages.KelolaJadwalPage
16:29:32.190 [main] DEBUG net.thucydides.core.reflection.ClassFinder - Could not load class .starter.pages.LoginPage
16:29:32.190 [main] DEBUG net.thucydides.core.reflection.ClassFinder - Could not load class .starter.pages.PatientDataPage
16:29:32.190 [main] DEBUG net.thucydides.core.reflection.ClassFinder - Could not load class .starter.stepdefinitios.ArsipJadwalSteps
16:29:32.190 [main] DEBUG net.thucydides.core.reflection.ClassFinder - Could not load class .starter.stepdefinitios.DokterDataSteps
16:29:32.190 [main] DEBUG net.thucydides.core.reflection.ClassFinder - Could not load class .starter.stepdefinitios.KelolaJadwalSteps
16:29:32.190 [main] DEBUG net.thucydides.core.reflection.ClassFinder - Could not load class .starter.stepdefinitios.LoginSteps
16:29:32.190 [main] DEBUG net.thucydides.core.reflection.ClassFinder - Could not load class .starter.stepdefinitios.PatientDataSteps
16:29:32.190 [main] DEBUG net.thucydides.core.reflection.ClassFinder - Could not load class META-INF.versions.9.com.sun.istack.logging.StackHelper
16:29:32.190 [main] DEBUG net.thucydides.core.reflection.ClassFinder - Could not load class META-INF.versions.9.com.sun.xml.bind.v2.runtime.reflect.opt.AccessorInjector
16:29:32.199 [main] DEBUG net.thucydides.core.reflection.ClassFinder - Could not load class META-INF.versions.9.com.sun.xml.bind.v2.runtime.reflect.opt.Injector
16:29:32.200 [main] DEBUG net.thucydides.core.reflection.ClassFinder - Could not load class META-INF.versions.9.com.sun.xml.bind.v2.runtime.reflect.opt.OptimizedAccessorFactory
16:29:32.200 [main] DEBUG net.thucydides.core.reflection.ClassFinder - Could not load class META-INF.versions.9.com.sun.xml.bind.v2.runtime.reflect.opt.OptimizedTransducedAccessorFactory
16:29:32.200 [main] DEBUG net.thucydides.core.reflection.ClassFinder - Could not load class META-INF.versions.9.io.opentelemetry.sdk.internal.CurrentJavaVersionSpecific
16:29:32.200 [main] DEBUG net.thucydides.core.reflection.ClassFinder - Could not load class META-INF.versions.9.io.opentelemetry.sdk.internal.Java9VersionSpecific
16:29:32.200 [main] DEBUG net.thucydides.core.reflection.ClassFinder - Could not load class META-INF.versions.9.javax.xml.bind.ModuleUtil
16:29:32.200 [main] DEBUG net.thucydides.core.reflection.ClassFinder - Could not load class META-INF.versions.9.module-info
16:29:32.200 [main] DEBUG net.thucydides.core.reflection.ClassFinder - Could not load class META-INF.versions.9.org.codehaus.plexus.languages.java.jpms.BinaryModuleInfoParser
16:29:32.210 [main] DEBUG net.thucydides.core.reflection.ClassFinder - Could not load class META-INF.versions.9.org.codehaus.plexus.languages.java.jpms.CmdModuleNameExtractor
16:29:32.210 [main] DEBUG net.thucydides.core.reflection.ClassFinder - Could not load class META-INF.versions.9.org.junit.platform.commons.util.ModuleUtils
16:29:33.389 [main] DEBUG net.thucydides.core.reflection.ClassFinder - Could not load class com.google.gson.internal.
16:29:34.088 [main] DEBUG net.thucydides.core.reflection.ClassFinder - Could not load class com.sun.xml.bind.v2.runtime.output.FastInfosetStreamWriterOutput
16:29:36.070 [main] DEBUG net.thucydides.core.reflection.ClassFinder - Could not load class module-info
16:29:58.300 [main] DEBUG io.netty.util.internal.logging.InternalLoggerFactory - Using SLF4J as the default logging framework
16:29:58.324 [main] DEBUG io.netty.util.ResourceLeakDetector - -Dio.netty.leakDetection.level: simple
16:29:58.324 [main] DEBUG io.netty.util.ResourceLeakDetector - -Dio.netty.leakDetection.targetRecords: 4
16:29:58.356 [main] DEBUG io.netty.util.ResourceLeakDetectorFactory - Loaded default ResourceLeakDetector: io.netty.util.ResourceLeakDetector@502aa66a
16:29:58.764 [main] DEBUG io.netty.util.internal.PlatformDependent0 - -Dio.netty.noUnsafe: false
16:29:58.764 [main] DEBUG io.netty.util.internal.PlatformDependent0 - Java version: 11
16:29:58.772 [main] DEBUG io.netty.util.internal.PlatformDependent0 - sun.misc.Unsafe.theUnsafe: available
16:29:58.772 [main] DEBUG io.netty.util.internal.PlatformDependent0 - sun.misc.Unsafe.copyMemory: available
16:29:58.772 [main] DEBUG io.netty.util.internal.PlatformDependent0 - java.nio.Buffer.address: available
16:29:58.780 [main] DEBUG io.netty.util.internal.PlatformDependent0 - direct buffer constructor: unavailable: Reflective setAccessible(true) disabled
16:29:58.780 [main] DEBUG io.netty.util.internal.PlatformDependent0 - java.nio.Bits.unaligned: available, true
16:29:58.788 [main] DEBUG io.netty.util.internal.PlatformDependent0 - jdk.internal.misc.Unsafe.allocateUninitializedArray(int): unavailable: class io.netty.util.internal.PlatformDependent0$6 cannot access class jdk.internal.misc.Unsafe (in module java.base) because module java.base does not export jdk.internal.misc to unnamed module @436390f4
16:29:58.796 [main] DEBUG io.netty.util.internal.PlatformDependent0 - java.nio.DirectByteBuffer.<init>(long, int): unavailable
16:29:58.796 [main] DEBUG io.netty.util.internal.PlatformDependent - sun.misc.Unsafe: available
16:29:58.804 [main] DEBUG io.netty.util.internal.PlatformDependent - maxDirectMemory: 2933915648 bytes (maybe)
16:29:58.804 [main] DEBUG io.netty.util.internal.PlatformDependent - -Dio.netty.tmpdir: C:\Users\ASUS\AppData\Local\Temp (java.io.tmpdir)
16:29:58.804 [main] DEBUG io.netty.util.internal.PlatformDependent - -Dio.netty.bitMode: 64 (sun.arch.data.model)
16:29:58.804 [main] DEBUG io.netty.util.internal.PlatformDependent - Platform: Windows
16:29:58.804 [main] DEBUG io.netty.util.internal.PlatformDependent - -Dio.netty.maxDirectMemory: -1 bytes
16:29:58.804 [main] DEBUG io.netty.util.internal.PlatformDependent - -Dio.netty.uninitializedArrayAllocationThreshold: -1
16:29:58.831 [main] DEBUG io.netty.util.internal.CleanerJava9 - java.nio.ByteBuffer.cleaner(): available
16:29:58.832 [main] DEBUG io.netty.util.internal.PlatformDependent - -Dio.netty.noPreferDirect: false
16:29:58.889 [main] DEBUG io.netty.util.internal.PlatformDependent - org.jctools-core.MpscChunkedArrayQueue: available
16:29:59.023 [main] DEBUG io.netty.util.internal.InternalThreadLocalMap - -Dio.netty.threadLocalMap.stringBuilder.initialSize: 1024
16:29:59.029 [main] DEBUG io.netty.util.internal.InternalThreadLocalMap - -Dio.netty.threadLocalMap.stringBuilder.maxSize: 4096
16:29:59.219 [main] DEBUG io.netty.handler.ssl.JdkSslContext - Default protocols (JDK): [TLSv1.3, TLSv1.2] 
16:29:59.220 [main] DEBUG io.netty.handler.ssl.JdkSslContext - Default cipher suites (JDK): [TLS_ECDHE_ECDSA_WITH_AES_256_GCM_SHA384, TLS_ECDHE_ECDSA_WITH_AES_128_GCM_SHA256, TLS_ECDHE_RSA_WITH_AES_128_GCM_SHA256, TLS_ECDHE_RSA_WITH_AES_256_GCM_SHA384, TLS_ECDHE_RSA_WITH_AES_128_CBC_SHA, TLS_ECDHE_RSA_WITH_AES_256_CBC_SHA, TLS_RSA_WITH_AES_128_GCM_SHA256, TLS_RSA_WITH_AES_128_CBC_SHA, TLS_RSA_WITH_AES_256_CBC_SHA, TLS_AES_128_GCM_SHA256, TLS_AES_256_GCM_SHA384]
16:29:59.491 [main] DEBUG io.netty.channel.MultithreadEventLoopGroup - -Dio.netty.eventLoopThreads: 8
16:29:59.544 [main] DEBUG io.netty.channel.nio.NioEventLoop - -Dio.netty.noKeySetOptimization: false
16:29:59.544 [main] DEBUG io.netty.channel.nio.NioEventLoop - -Dio.netty.selectorAutoRebuildThreshold: 512
16:29:59.742 [main] DEBUG io.netty.buffer.PooledByteBufAllocator - -Dio.netty.allocator.numHeapArenas: 8
16:29:59.742 [main] DEBUG io.netty.buffer.PooledByteBufAllocator - -Dio.netty.allocator.numDirectArenas: 8
16:29:59.742 [main] DEBUG io.netty.buffer.PooledByteBufAllocator - -Dio.netty.allocator.pageSize: 8192
16:29:59.747 [main] DEBUG io.netty.buffer.PooledByteBufAllocator - -Dio.netty.allocator.maxOrder: 11
16:29:59.747 [main] DEBUG io.netty.buffer.PooledByteBufAllocator - -Dio.netty.allocator.chunkSize: 16777216
16:29:59.747 [main] DEBUG io.netty.buffer.PooledByteBufAllocator - -Dio.netty.allocator.smallCacheSize: 256
16:29:59.748 [main] DEBUG io.netty.buffer.PooledByteBufAllocator - -Dio.netty.allocator.normalCacheSize: 64
16:29:59.748 [main] DEBUG io.netty.buffer.PooledByteBufAllocator - -Dio.netty.allocator.maxCachedBufferCapacity: 32768
16:29:59.748 [main] DEBUG io.netty.buffer.PooledByteBufAllocator - -Dio.netty.allocator.cacheTrimInterval: 8192
16:29:59.748 [main] DEBUG io.netty.buffer.PooledByteBufAllocator - -Dio.netty.allocator.cacheTrimIntervalMillis: 0
16:29:59.748 [main] DEBUG io.netty.buffer.PooledByteBufAllocator - -Dio.netty.allocator.useCacheForAllThreads: true
16:29:59.749 [main] DEBUG io.netty.buffer.PooledByteBufAllocator - -Dio.netty.allocator.maxCachedByteBuffersPerChunk: 1023
16:29:59.802 [main] DEBUG io.netty.buffer.ByteBufUtil - -Dio.netty.allocator.type: pooled
16:29:59.802 [main] DEBUG io.netty.buffer.ByteBufUtil - -Dio.netty.threadLocalDirectBufferSize: 0
16:29:59.802 [main] DEBUG io.netty.buffer.ByteBufUtil - -Dio.netty.maxThreadLocalCharBufferSize: 16384
16:30:01.114 [main] DEBUG net.serenitybdd.core.webdriver.driverproviders.ProvideNewDriver - Instantiating driver
16:30:01.114 [main] DEBUG net.serenitybdd.core.webdriver.driverproviders.ProvideNewDriver - Driver capabilities: Capabilities {acceptInsecureCerts: false, base.url: https://fanciful-trifle-360..., browserName: chrome, chorme.driver: src/test/resources/webdrive..., driver: chrome, goog:chromeOptions: {args: [], extensions: []}}
16:30:04.432 [Forwarding newSession on session null to remote] DEBUG io.netty.channel.DefaultChannelId - -Dio.netty.processId: 10312 (auto-detected)
16:30:04.443 [Forwarding newSession on session null to remote] DEBUG io.netty.util.NetUtil - -Djava.net.preferIPv4Stack: false
16:30:04.443 [Forwarding newSession on session null to remote] DEBUG io.netty.util.NetUtil - -Djava.net.preferIPv6Addresses: false
16:30:05.456 [Forwarding newSession on session null to remote] DEBUG io.netty.util.NetUtilInitializations - Loopback interface: lo (Software Loopback Interface 1, 127.0.0.1)
16:30:05.460 [Forwarding newSession on session null to remote] DEBUG io.netty.util.NetUtil - Failed to get SOMAXCONN from sysctl and file \proc\sys\net\core\somaxconn. Default: 200
16:30:06.596 [Forwarding newSession on session null to remote] DEBUG io.netty.channel.DefaultChannelId - -Dio.netty.machineId: f0:03:8c:ff:fe:6d:32:33 (auto-detected)
16:30:06.836 [AsyncHttpClient-1-2] DEBUG io.netty.buffer.AbstractByteBuf - -Dio.netty.buffer.checkAccessible: true
16:30:06.836 [AsyncHttpClient-1-2] DEBUG io.netty.buffer.AbstractByteBuf - -Dio.netty.buffer.checkBounds: true
16:30:06.836 [AsyncHttpClient-1-2] DEBUG io.netty.util.ResourceLeakDetectorFactory - Loaded default ResourceLeakDetector: io.netty.util.ResourceLeakDetector@1cde1af5
16:30:06.900 [AsyncHttpClient-1-2] DEBUG org.asynchttpclient.netty.channel.NettyConnectListener - Using new Channel '[id: 0x425809db, L:/127.0.0.1:50825 - R:localhost/127.0.0.1:49917]' for 'POST' to '/session'
16:30:07.028 [AsyncHttpClient-1-2] DEBUG io.netty.util.Recycler - -Dio.netty.recycler.maxCapacityPerThread: 4096
16:30:07.028 [AsyncHttpClient-1-2] DEBUG io.netty.util.Recycler - -Dio.netty.recycler.ratio: 8
16:30:07.028 [AsyncHttpClient-1-2] DEBUG io.netty.util.Recycler - -Dio.netty.recycler.chunkSize: 32
16:30:07.028 [AsyncHttpClient-1-2] DEBUG io.netty.util.Recycler - -Dio.netty.recycler.blocking: false
16:30:11.745 [AsyncHttpClient-1-2] DEBUG io.netty.handler.codec.compression.Brotli - brotli4j not in the classpath; Brotli support will be unavailable.
16:30:11.745 [AsyncHttpClient-1-2] DEBUG org.asynchttpclient.netty.handler.HttpHandler - 

Request DefaultHttpRequest(decodeResult: success, version: HTTP/1.1)
POST /session HTTP/1.1
User-Agent: selenium/4.1.2 (java windows)
Content-Length: 629
Content-Type: application/json; charset=utf-8
host: localhost:49917
accept: */*

Response DefaultHttpResponse(decodeResult: success, version: HTTP/1.1)
HTTP/1.1 200 OK
Content-Type: application/json; charset=utf-8
cache-control: no-cache
content-length: 788

16:30:11.785 [AsyncHttpClient-1-2] DEBUG org.asynchttpclient.netty.channel.ChannelManager - Adding key: http://localhost:49917 for channel [id: 0x425809db, L:/127.0.0.1:50825 - R:localhost/127.0.0.1:49917]
16:30:12.121 [AsyncHttpClient-1-3] DEBUG org.asynchttpclient.netty.channel.NettyConnectListener - Using new Channel '[id: 0x00b6dbc4, L:/127.0.0.1:50838 - R:localhost/127.0.0.1:50828]' for 'GET' to '/json/version'
16:30:12.160 [AsyncHttpClient-1-3] DEBUG org.asynchttpclient.netty.handler.HttpHandler - 

Request DefaultFullHttpRequest(decodeResult: success, version: HTTP/1.1, content: EmptyByteBufBE)
GET /json/version HTTP/1.1
User-Agent: selenium/4.1.2 (java windows)
host: localhost:50828
accept: */*

Response DefaultHttpResponse(decodeResult: success, version: HTTP/1.1)
HTTP/1.1 200 OK
Content-Type: application/json; charset=UTF-8
content-length: 429

16:30:12.160 [AsyncHttpClient-1-3] DEBUG org.asynchttpclient.netty.channel.ChannelManager - Adding key: http://localhost:50828 for channel [id: 0x00b6dbc4, L:/127.0.0.1:50838 - R:localhost/127.0.0.1:50828]
16:30:12.189 [main] DEBUG io.netty.util.internal.ThreadLocalRandom - -Dio.netty.initialSeedUniquifier: 0xaa3a4a13edf4c46d
16:30:12.200 [AsyncHttpClient-1-4] DEBUG org.asynchttpclient.netty.channel.NettyConnectListener - Using new Channel '[id: 0x3e7a50aa, L:/127.0.0.1:50839 - R:localhost/127.0.0.1:50828]' for 'GET' to '/devtools/browser/3f479753-7ff7-4160-9d1f-51dc1ecad790'
16:30:12.228 [AsyncHttpClient-1-4] DEBUG org.asynchttpclient.netty.handler.WebSocketHandler - 

Request DefaultFullHttpRequest(decodeResult: success, version: HTTP/1.1, content: EmptyByteBufBE)
GET /devtools/browser/3f479753-7ff7-4160-9d1f-51dc1ecad790 HTTP/1.1
upgrade: websocket
connection: upgrade
sec-websocket-key: fASmoa3eD5ZD30C3TMtuCQ==
sec-websocket-version: 13
origin: http://localhost:50828
host: localhost:50828
accept: */*
user-agent: AHC/2.1

Response DefaultHttpResponse(decodeResult: success, version: HTTP/1.1)
HTTP/1.1 101 WebSocket Protocol Handshake
Upgrade: WebSocket
Connection: Upgrade
Sec-WebSocket-Accept: 7N4qY1F6OgCEdfSckAwdBOn5kf4=

16:30:12.478 [AsyncHttpClient-1-1] DEBUG org.asynchttpclient.netty.channel.DefaultChannelPool - Entry count for : http://localhost:49917 : 1
16:30:12.478 [AsyncHttpClient-1-1] DEBUG org.asynchttpclient.netty.channel.DefaultChannelPool - Entry count for : http://localhost:50828 : 1
16:30:13.541 [AsyncHttpClient-1-1] DEBUG org.asynchttpclient.netty.channel.DefaultChannelPool - Entry count for : http://localhost:49917 : 1
16:30:13.541 [AsyncHttpClient-1-1] DEBUG org.asynchttpclient.netty.channel.DefaultChannelPool - Entry count for : http://localhost:50828 : 1
16:30:14.643 [AsyncHttpClient-1-1] DEBUG org.asynchttpclient.netty.channel.DefaultChannelPool - Entry count for : http://localhost:49917 : 1
16:30:14.643 [AsyncHttpClient-1-1] DEBUG org.asynchttpclient.netty.channel.DefaultChannelPool - Entry count for : http://localhost:50828 : 1
16:30:15.844 [AsyncHttpClient-1-1] DEBUG org.asynchttpclient.netty.channel.DefaultChannelPool - Entry count for : http://localhost:49917 : 1
16:30:15.844 [AsyncHttpClient-1-1] DEBUG org.asynchttpclient.netty.channel.DefaultChannelPool - Entry count for : http://localhost:50828 : 1
16:30:17.018 [AsyncHttpClient-1-1] DEBUG org.asynchttpclient.netty.channel.DefaultChannelPool - Entry count for : http://localhost:49917 : 1
16:30:17.020 [AsyncHttpClient-1-1] DEBUG org.asynchttpclient.netty.channel.DefaultChannelPool - Entry count for : http://localhost:50828 : 1
16:30:17.359 [main] DEBUG net.thucydides.core.reflection.ClassFinder - Could not load class .CucumberTestSuite
16:30:17.359 [main] DEBUG net.thucydides.core.reflection.ClassFinder - Could not load class .starter.pages.ArsipJadwalPage
16:30:17.359 [main] DEBUG net.thucydides.core.reflection.ClassFinder - Could not load class .starter.pages.DashboardPage
16:30:17.361 [main] DEBUG net.thucydides.core.reflection.ClassFinder - Could not load class .starter.pages.DokterDataPage
16:30:17.361 [main] DEBUG net.thucydides.core.reflection.ClassFinder - Could not load class .starter.pages.KelolaJadwalPage
16:30:17.361 [main] DEBUG net.thucydides.core.reflection.ClassFinder - Could not load class .starter.pages.LoginPage
16:30:17.361 [main] DEBUG net.thucydides.core.reflection.ClassFinder - Could not load class .starter.pages.PatientDataPage
16:30:17.361 [main] DEBUG net.thucydides.core.reflection.ClassFinder - Could not load class .starter.stepdefinitios.ArsipJadwalSteps
16:30:17.361 [main] DEBUG net.thucydides.core.reflection.ClassFinder - Could not load class .starter.stepdefinitios.DokterDataSteps
16:30:17.361 [main] DEBUG net.thucydides.core.reflection.ClassFinder - Could not load class .starter.stepdefinitios.KelolaJadwalSteps
16:30:17.361 [main] DEBUG net.thucydides.core.reflection.ClassFinder - Could not load class .starter.stepdefinitios.LoginSteps
16:30:17.361 [main] DEBUG net.thucydides.core.reflection.ClassFinder - Could not load class .starter.stepdefinitios.PatientDataSteps
16:30:17.389 [main] DEBUG net.thucydides.core.reflection.ClassFinder - Could not load class META-INF.versions.9.com.sun.istack.logging.StackHelper
16:30:17.392 [main] DEBUG net.thucydides.core.reflection.ClassFinder - Could not load class META-INF.versions.9.com.sun.xml.bind.v2.runtime.reflect.opt.AccessorInjector
16:30:17.401 [main] DEBUG net.thucydides.core.reflection.ClassFinder - Could not load class META-INF.versions.9.com.sun.xml.bind.v2.runtime.reflect.opt.Injector
16:30:17.401 [main] DEBUG net.thucydides.core.reflection.ClassFinder - Could not load class META-INF.versions.9.com.sun.xml.bind.v2.runtime.reflect.opt.OptimizedAccessorFactory
16:30:17.412 [main] DEBUG net.thucydides.core.reflection.ClassFinder - Could not load class META-INF.versions.9.com.sun.xml.bind.v2.runtime.reflect.opt.OptimizedTransducedAccessorFactory
16:30:17.412 [main] DEBUG net.thucydides.core.reflection.ClassFinder - Could not load class META-INF.versions.9.io.opentelemetry.sdk.internal.CurrentJavaVersionSpecific
16:30:17.422 [main] DEBUG net.thucydides.core.reflection.ClassFinder - Could not load class META-INF.versions.9.io.opentelemetry.sdk.internal.Java9VersionSpecific
16:30:17.431 [main] DEBUG net.thucydides.core.reflection.ClassFinder - Could not load class META-INF.versions.9.javax.xml.bind.ModuleUtil
16:30:17.473 [main] DEBUG net.thucydides.core.reflection.ClassFinder - Could not load class META-INF.versions.9.module-info
16:30:17.479 [main] DEBUG net.thucydides.core.reflection.ClassFinder - Could not load class META-INF.versions.9.org.codehaus.plexus.languages.java.jpms.BinaryModuleInfoParser
16:30:17.483 [main] DEBUG net.thucydides.core.reflection.ClassFinder - Could not load class META-INF.versions.9.org.codehaus.plexus.languages.java.jpms.CmdModuleNameExtractor
16:30:17.483 [main] DEBUG net.thucydides.core.reflection.ClassFinder - Could not load class META-INF.versions.9.org.junit.platform.commons.util.ModuleUtils
16:30:17.513 [main] DEBUG net.thucydides.core.reflection.ClassFinder - Could not load class com.google.gson.internal.
16:30:17.532 [main] DEBUG net.thucydides.core.reflection.ClassFinder - Could not load class com.sun.xml.bind.v2.runtime.output.FastInfosetStreamWriterOutput
16:30:17.611 [main] DEBUG net.thucydides.core.reflection.ClassFinder - Could not load class module-info
16:30:18.721 [AsyncHttpClient-1-1] DEBUG org.asynchttpclient.netty.channel.DefaultChannelPool - Entry count for : http://localhost:49917 : 1
16:30:18.721 [AsyncHttpClient-1-1] DEBUG org.asynchttpclient.netty.channel.DefaultChannelPool - Entry count for : http://localhost:50828 : 1
16:30:18.917 [Forwarding get on session 210b0027b4538a4be99e7dcae444676e to remote] DEBUG org.asynchttpclient.netty.request.NettyRequestSender - Using pooled Channel '[id: 0x425809db, L:/127.0.0.1:50825 - R:localhost/127.0.0.1:49917]' for 'POST' to 'http://localhost:49917/session/210b0027b4538a4be99e7dcae444676e/url'
16:30:18.918 [Forwarding get on session 210b0027b4538a4be99e7dcae444676e to remote] DEBUG org.asynchttpclient.netty.request.NettyRequestSender - Using open Channel [id: 0x425809db, L:/127.0.0.1:50825 - R:localhost/127.0.0.1:49917] for POST '/session/210b0027b4538a4be99e7dcae444676e/url'
16:30:19.786 [AsyncHttpClient-1-1] DEBUG org.asynchttpclient.netty.channel.DefaultChannelPool - Entry count for : http://localhost:50828 : 1
16:30:20.844 [AsyncHttpClient-1-1] DEBUG org.asynchttpclient.netty.channel.DefaultChannelPool - Entry count for : http://localhost:50828 : 1
16:30:22.013 [AsyncHttpClient-1-1] DEBUG org.asynchttpclient.netty.channel.DefaultChannelPool - Entry count for : http://localhost:50828 : 1
16:30:23.095 [AsyncHttpClient-1-1] DEBUG org.asynchttpclient.netty.channel.DefaultChannelPool - Entry count for : http://localhost:50828 : 1
16:30:24.148 [AsyncHttpClient-1-1] DEBUG org.asynchttpclient.netty.channel.DefaultChannelPool - Entry count for : http://localhost:50828 : 1
16:30:25.474 [AsyncHttpClient-1-1] DEBUG org.asynchttpclient.netty.channel.DefaultChannelPool - Entry count for : http://localhost:50828 : 1
16:30:26.422 [AsyncHttpClient-1-2] DEBUG org.asynchttpclient.netty.handler.HttpHandler - 

Request DefaultHttpRequest(decodeResult: success, version: HTTP/1.1)
POST /session/210b0027b4538a4be99e7dcae444676e/url HTTP/1.1
User-Agent: selenium/4.1.2 (java windows)
Content-Length: 86
Content-Type: application/json; charset=utf-8
host: localhost:49917
accept: */*

Response DefaultHttpResponse(decodeResult: success, version: HTTP/1.1)
HTTP/1.1 200 OK
Content-Type: application/json; charset=utf-8
cache-control: no-cache
content-length: 14

16:30:26.422 [AsyncHttpClient-1-2] DEBUG org.asynchttpclient.netty.channel.ChannelManager - Adding key: http://localhost:49917 for channel [id: 0x425809db, L:/127.0.0.1:50825 - R:localhost/127.0.0.1:49917]
16:30:26.556 [Forwarding setTimeout on session 210b0027b4538a4be99e7dcae444676e to remote] DEBUG org.asynchttpclient.netty.request.NettyRequestSender - Using pooled Channel '[id: 0x425809db, L:/127.0.0.1:50825 - R:localhost/127.0.0.1:49917]' for 'POST' to 'http://localhost:49917/session/210b0027b4538a4be99e7dcae444676e/timeouts'
16:30:26.556 [Forwarding setTimeout on session 210b0027b4538a4be99e7dcae444676e to remote] DEBUG org.asynchttpclient.netty.request.NettyRequestSender - Using open Channel [id: 0x425809db, L:/127.0.0.1:50825 - R:localhost/127.0.0.1:49917] for POST '/session/210b0027b4538a4be99e7dcae444676e/timeouts'
16:30:26.599 [AsyncHttpClient-1-1] DEBUG org.asynchttpclient.netty.channel.DefaultChannelPool - Entry count for : http://localhost:50828 : 1
16:30:26.659 [AsyncHttpClient-1-2] DEBUG org.asynchttpclient.netty.handler.HttpHandler - 

Request DefaultHttpRequest(decodeResult: success, version: HTTP/1.1)
POST /session/210b0027b4538a4be99e7dcae444676e/timeouts HTTP/1.1
User-Agent: selenium/4.1.2 (java windows)
Content-Length: 22
Content-Type: application/json; charset=utf-8
host: localhost:49917
accept: */*

Response DefaultHttpResponse(decodeResult: success, version: HTTP/1.1)
HTTP/1.1 200 OK
Content-Type: application/json; charset=utf-8
cache-control: no-cache
content-length: 14

16:30:26.663 [AsyncHttpClient-1-2] DEBUG org.asynchttpclient.netty.channel.ChannelManager - Adding key: http://localhost:49917 for channel [id: 0x425809db, L:/127.0.0.1:50825 - R:localhost/127.0.0.1:49917]
16:30:26.701 [Forwarding getCurrentUrl on session 210b0027b4538a4be99e7dcae444676e to remote] DEBUG org.asynchttpclient.netty.request.NettyRequestSender - Using pooled Channel '[id: 0x425809db, L:/127.0.0.1:50825 - R:localhost/127.0.0.1:49917]' for 'GET' to 'http://localhost:49917/session/210b0027b4538a4be99e7dcae444676e/url'
16:30:26.709 [Forwarding getCurrentUrl on session 210b0027b4538a4be99e7dcae444676e to remote] DEBUG org.asynchttpclient.netty.request.NettyRequestSender - Using open Channel [id: 0x425809db, L:/127.0.0.1:50825 - R:localhost/127.0.0.1:49917] for GET '/session/210b0027b4538a4be99e7dcae444676e/url'
16:30:27.036 [AsyncHttpClient-1-2] DEBUG org.asynchttpclient.netty.handler.HttpHandler - 

Request DefaultFullHttpRequest(decodeResult: success, version: HTTP/1.1, content: EmptyByteBufBE)
GET /session/210b0027b4538a4be99e7dcae444676e/url HTTP/1.1
User-Agent: selenium/4.1.2 (java windows)
Cache-Control: no-cache
Content-Type: application/json; charset=utf-8
host: localhost:49917
accept: */*

Response DefaultHttpResponse(decodeResult: success, version: HTTP/1.1)
HTTP/1.1 200 OK
Content-Type: application/json; charset=utf-8
cache-control: no-cache
content-length: 68

16:30:27.039 [AsyncHttpClient-1-2] DEBUG org.asynchttpclient.netty.channel.ChannelManager - Adding key: http://localhost:49917 for channel [id: 0x425809db, L:/127.0.0.1:50825 - R:localhost/127.0.0.1:49917]
16:30:27.534 [main] DEBUG net.serenitybdd.core.photography.Darkroom - Opening darkroom
16:30:27.552 [Forwarding screenshot on session 210b0027b4538a4be99e7dcae444676e to remote] DEBUG org.asynchttpclient.netty.request.NettyRequestSender - Using pooled Channel '[id: 0x425809db, L:/127.0.0.1:50825 - R:localhost/127.0.0.1:49917]' for 'GET' to 'http://localhost:49917/session/210b0027b4538a4be99e7dcae444676e/screenshot'
16:30:27.554 [Forwarding screenshot on session 210b0027b4538a4be99e7dcae444676e to remote] DEBUG org.asynchttpclient.netty.request.NettyRequestSender - Using open Channel [id: 0x425809db, L:/127.0.0.1:50825 - R:localhost/127.0.0.1:49917] for GET '/session/210b0027b4538a4be99e7dcae444676e/screenshot'
16:30:27.565 [Darkroom Processing Line] DEBUG net.serenitybdd.core.photography.DarkroomProcessingLine - Darkroom processing line starting up
16:30:27.656 [AsyncHttpClient-1-1] DEBUG org.asynchttpclient.netty.channel.DefaultChannelPool - Entry count for : http://localhost:50828 : 1
16:30:28.155 [AsyncHttpClient-1-2] DEBUG org.asynchttpclient.netty.handler.HttpHandler - 

Request DefaultFullHttpRequest(decodeResult: success, version: HTTP/1.1, content: EmptyByteBufBE)
GET /session/210b0027b4538a4be99e7dcae444676e/screenshot HTTP/1.1
User-Agent: selenium/4.1.2 (java windows)
Cache-Control: no-cache
Content-Type: application/json; charset=utf-8
host: localhost:49917
accept: */*

Response DefaultHttpResponse(decodeResult: success, version: HTTP/1.1)
HTTP/1.1 200 OK
Content-Type: application/json; charset=utf-8
cache-control: no-cache
content-length: 63852

16:30:28.169 [AsyncHttpClient-1-2] DEBUG org.asynchttpclient.netty.channel.ChannelManager - Adding key: http://localhost:49917 for channel [id: 0x425809db, L:/127.0.0.1:50825 - R:localhost/127.0.0.1:49917]
16:30:28.765 [AsyncHttpClient-1-1] DEBUG org.asynchttpclient.netty.channel.DefaultChannelPool - Entry count for : http://localhost:49917 : 1
16:30:28.765 [AsyncHttpClient-1-1] DEBUG org.asynchttpclient.netty.channel.DefaultChannelPool - Entry count for : http://localhost:50828 : 1
16:30:29.111 [main] DEBUG net.serenitybdd.core.photography.Darkroom - Send negative for processing for target\site\serenity\4b4d52303de5bc8432cc997710f18014a7cf8b38aa1398c92010be89ef973807.png
16:30:29.170 [Darkroom Processing Line] DEBUG net.serenitybdd.core.photography.DarkroomProcessingLine - Processing screenshot image in /var/screenshots/screenshot-5308044814271886743
16:30:29.174 [Darkroom Processing Line] DEBUG net.serenitybdd.core.photography.DarkroomProcessingLine - Saving screenshot to target\site\serenity\4b4d52303de5bc8432cc997710f18014a7cf8b38aa1398c92010be89ef973807.png
16:30:29.379 [main] DEBUG net.thucydides.core.steps.StepInterceptor - STEP DONE: openKelolaJadwal
  &amp#27;[32mGiven &amp#27;[0m&amp#27;[32mOpen page Kelola Jadwal&amp#27;[0m                                        &amp#27;[90m# starter.stepdefinitios.KelolaJadwalSteps.openPageKelolaJadwal()&amp#27;[0m
16:30:29.902 [AsyncHttpClient-1-1] DEBUG org.asynchttpclient.netty.channel.DefaultChannelPool - Entry count for : http://localhost:49917 : 1
16:30:29.963 [AsyncHttpClient-1-1] DEBUG org.asynchttpclient.netty.channel.DefaultChannelPool - Entry count for : http://localhost:50828 : 1
16:30:30.023 [Forwarding screenshot on session 210b0027b4538a4be99e7dcae444676e to remote] DEBUG org.asynchttpclient.netty.request.NettyRequestSender - Using pooled Channel '[id: 0x425809db, L:/127.0.0.1:50825 - R:localhost/127.0.0.1:49917]' for 'GET' to 'http://localhost:49917/session/210b0027b4538a4be99e7dcae444676e/screenshot'
16:30:30.096 [Forwarding screenshot on session 210b0027b4538a4be99e7dcae444676e to remote] DEBUG org.asynchttpclient.netty.request.NettyRequestSender - Using open Channel [id: 0x425809db, L:/127.0.0.1:50825 - R:localhost/127.0.0.1:49917] for GET '/session/210b0027b4538a4be99e7dcae444676e/screenshot'
16:30:30.999 [AsyncHttpClient-1-2] DEBUG org.asynchttpclient.netty.handler.HttpHandler - 

Request DefaultFullHttpRequest(decodeResult: success, version: HTTP/1.1, content: EmptyByteBufBE)
GET /session/210b0027b4538a4be99e7dcae444676e/screenshot HTTP/1.1
User-Agent: selenium/4.1.2 (java windows)
Cache-Control: no-cache
Content-Type: application/json; charset=utf-8
host: localhost:49917
accept: */*

Response DefaultHttpResponse(decodeResult: success, version: HTTP/1.1)
HTTP/1.1 200 OK
Content-Type: application/json; charset=utf-8
cache-control: no-cache
content-length: 63852

16:30:31.003 [AsyncHttpClient-1-2] DEBUG org.asynchttpclient.netty.channel.ChannelManager - Adding key: http://localhost:49917 for channel [id: 0x425809db, L:/127.0.0.1:50825 - R:localhost/127.0.0.1:49917]
16:30:31.044 [main] DEBUG net.serenitybdd.core.photography.Darkroom - Send negative for processing for target\site\serenity\4b4d52303de5bc8432cc997710f18014a7cf8b38aa1398c92010be89ef973807.png
16:30:31.135 [AsyncHttpClient-1-1] DEBUG org.asynchttpclient.netty.channel.DefaultChannelPool - Entry count for : http://localhost:49917 : 1
16:30:31.135 [AsyncHttpClient-1-1] DEBUG org.asynchttpclient.netty.channel.DefaultChannelPool - Entry count for : http://localhost:50828 : 1
16:30:31.287 [Forwarding screenshot on session 210b0027b4538a4be99e7dcae444676e to remote] DEBUG org.asynchttpclient.netty.request.NettyRequestSender - Using pooled Channel '[id: 0x425809db, L:/127.0.0.1:50825 - R:localhost/127.0.0.1:49917]' for 'GET' to 'http://localhost:49917/session/210b0027b4538a4be99e7dcae444676e/screenshot'
16:30:31.289 [Forwarding screenshot on session 210b0027b4538a4be99e7dcae444676e to remote] DEBUG org.asynchttpclient.netty.request.NettyRequestSender - Using open Channel [id: 0x425809db, L:/127.0.0.1:50825 - R:localhost/127.0.0.1:49917] for GET '/session/210b0027b4538a4be99e7dcae444676e/screenshot'
16:30:31.652 [AsyncHttpClient-1-2] DEBUG org.asynchttpclient.netty.handler.HttpHandler - 

Request DefaultFullHttpRequest(decodeResult: success, version: HTTP/1.1, content: EmptyByteBufBE)
GET /session/210b0027b4538a4be99e7dcae444676e/screenshot HTTP/1.1
User-Agent: selenium/4.1.2 (java windows)
Cache-Control: no-cache
Content-Type: application/json; charset=utf-8
host: localhost:49917
accept: */*

Response DefaultHttpResponse(decodeResult: success, version: HTTP/1.1)
HTTP/1.1 200 OK
Content-Type: application/json; charset=utf-8
cache-control: no-cache
content-length: 63852

16:30:31.659 [AsyncHttpClient-1-2] DEBUG org.asynchttpclient.netty.channel.ChannelManager - Adding key: http://localhost:49917 for channel [id: 0x425809db, L:/127.0.0.1:50825 - R:localhost/127.0.0.1:49917]
16:30:31.671 [main] DEBUG net.serenitybdd.core.photography.Darkroom - Send negative for processing for target\site\serenity\4b4d52303de5bc8432cc997710f18014a7cf8b38aa1398c92010be89ef973807.png
16:30:32.151 [AsyncHttpClient-1-1] DEBUG org.asynchttpclient.netty.channel.DefaultChannelPool - Entry count for : http://localhost:49917 : 1
16:30:32.151 [AsyncHttpClient-1-1] DEBUG org.asynchttpclient.netty.channel.DefaultChannelPool - Entry count for : http://localhost:50828 : 1
16:30:33.627 [AsyncHttpClient-1-1] DEBUG org.asynchttpclient.netty.channel.DefaultChannelPool - Entry count for : http://localhost:49917 : 1
16:30:33.627 [AsyncHttpClient-1-1] DEBUG org.asynchttpclient.netty.channel.DefaultChannelPool - Entry count for : http://localhost:50828 : 1
16:30:34.647 [AsyncHttpClient-1-1] DEBUG org.asynchttpclient.netty.channel.DefaultChannelPool - Entry count for : http://localhost:49917 : 1
16:30:34.647 [AsyncHttpClient-1-1] DEBUG org.asynchttpclient.netty.channel.DefaultChannelPool - Entry count for : http://localhost:50828 : 1
16:30:34.647 [Forwarding screenshot on session 210b0027b4538a4be99e7dcae444676e to remote] DEBUG org.asynchttpclient.netty.request.NettyRequestSender - Using pooled Channel '[id: 0x425809db, L:/127.0.0.1:50825 - R:localhost/127.0.0.1:49917]' for 'GET' to 'http://localhost:49917/session/210b0027b4538a4be99e7dcae444676e/screenshot'
16:30:34.647 [Forwarding screenshot on session 210b0027b4538a4be99e7dcae444676e to remote] DEBUG org.asynchttpclient.netty.request.NettyRequestSender - Using open Channel [id: 0x425809db, L:/127.0.0.1:50825 - R:localhost/127.0.0.1:49917] for GET '/session/210b0027b4538a4be99e7dcae444676e/screenshot'
16:30:35.259 [AsyncHttpClient-1-2] DEBUG org.asynchttpclient.netty.handler.HttpHandler - 

Request DefaultFullHttpRequest(decodeResult: success, version: HTTP/1.1, content: EmptyByteBufBE)
GET /session/210b0027b4538a4be99e7dcae444676e/screenshot HTTP/1.1
User-Agent: selenium/4.1.2 (java windows)
Cache-Control: no-cache
Content-Type: application/json; charset=utf-8
host: localhost:49917
accept: */*

Response DefaultHttpResponse(decodeResult: success, version: HTTP/1.1)
HTTP/1.1 200 OK
Content-Type: application/json; charset=utf-8
cache-control: no-cache
content-length: 63852

16:30:35.261 [AsyncHttpClient-1-2] DEBUG org.asynchttpclient.netty.channel.ChannelManager - Adding key: http://localhost:49917 for channel [id: 0x425809db, L:/127.0.0.1:50825 - R:localhost/127.0.0.1:49917]
16:30:35.283 [main] DEBUG net.serenitybdd.core.photography.Darkroom - Send negative for processing for target\site\serenity\4b4d52303de5bc8432cc997710f18014a7cf8b38aa1398c92010be89ef973807.png
16:30:35.290 [main] DEBUG net.thucydides.core.steps.StepInterceptor - STARTING STEP: PatientDataSteps.clickButtonTambahData - clickButtonTambah
16:30:35.469 [Forwarding findElement on session 210b0027b4538a4be99e7dcae444676e to remote] DEBUG org.asynchttpclient.netty.request.NettyRequestSender - Using pooled Channel '[id: 0x425809db, L:/127.0.0.1:50825 - R:localhost/127.0.0.1:49917]' for 'POST' to 'http://localhost:49917/session/210b0027b4538a4be99e7dcae444676e/element'
16:30:35.473 [Forwarding findElement on session 210b0027b4538a4be99e7dcae444676e to remote] DEBUG org.asynchttpclient.netty.request.NettyRequestSender - Using open Channel [id: 0x425809db, L:/127.0.0.1:50825 - R:localhost/127.0.0.1:49917] for POST '/session/210b0027b4538a4be99e7dcae444676e/element'
16:30:35.633 [AsyncHttpClient-1-2] DEBUG org.asynchttpclient.netty.handler.HttpHandler - 

Request DefaultHttpRequest(decodeResult: success, version: HTTP/1.1)
POST /session/210b0027b4538a4be99e7dcae444676e/element HTTP/1.1
User-Agent: selenium/4.1.2 (java windows)
Content-Length: 68
Content-Type: application/json; charset=utf-8
host: localhost:49917
accept: */*

Response DefaultHttpResponse(decodeResult: success, version: HTTP/1.1)
HTTP/1.1 200 OK
Content-Type: application/json; charset=utf-8
cache-control: no-cache
content-length: 88

16:30:35.633 [AsyncHttpClient-1-2] DEBUG org.asynchttpclient.netty.channel.ChannelManager - Adding key: http://localhost:49917 for channel [id: 0x425809db, L:/127.0.0.1:50825 - R:localhost/127.0.0.1:49917]
16:30:35.672 [Forwarding getElementTagName on session 210b0027b4538a4be99e7dcae444676e to remote] DEBUG org.asynchttpclient.netty.request.NettyRequestSender - Using pooled Channel '[id: 0x425809db, L:/127.0.0.1:50825 - R:localhost/127.0.0.1:49917]' for 'GET' to 'http://localhost:49917/session/210b0027b4538a4be99e7dcae444676e/element/222247a3-9f0b-4230-b30f-087f3c9078de/name'
16:30:35.672 [Forwarding getElementTagName on session 210b0027b4538a4be99e7dcae444676e to remote] DEBUG org.asynchttpclient.netty.request.NettyRequestSender - Using open Channel [id: 0x425809db, L:/127.0.0.1:50825 - R:localhost/127.0.0.1:49917] for GET '/session/210b0027b4538a4be99e7dcae444676e/element/222247a3-9f0b-4230-b30f-087f3c9078de/name'
16:30:35.734 [AsyncHttpClient-1-2] DEBUG org.asynchttpclient.netty.handler.HttpHandler - 

Request DefaultFullHttpRequest(decodeResult: success, version: HTTP/1.1, content: EmptyByteBufBE)
GET /session/210b0027b4538a4be99e7dcae444676e/element/222247a3-9f0b-4230-b30f-087f3c9078de/name HTTP/1.1
User-Agent: selenium/4.1.2 (java windows)
Cache-Control: no-cache
Content-Type: application/json; charset=utf-8
host: localhost:49917
accept: */*

Response DefaultHttpResponse(decodeResult: success, version: HTTP/1.1)
HTTP/1.1 200 OK
Content-Type: application/json; charset=utf-8
cache-control: no-cache
content-length: 18

16:30:35.734 [AsyncHttpClient-1-2] DEBUG org.asynchttpclient.netty.channel.ChannelManager - Adding key: http://localhost:49917 for channel [id: 0x425809db, L:/127.0.0.1:50825 - R:localhost/127.0.0.1:49917]
16:30:35.743 [Forwarding getElementTagName on session 210b0027b4538a4be99e7dcae444676e to remote] DEBUG org.asynchttpclient.netty.request.NettyRequestSender - Using pooled Channel '[id: 0x425809db, L:/127.0.0.1:50825 - R:localhost/127.0.0.1:49917]' for 'GET' to 'http://localhost:49917/session/210b0027b4538a4be99e7dcae444676e/element/222247a3-9f0b-4230-b30f-087f3c9078de/name'
16:30:35.743 [Forwarding getElementTagName on session 210b0027b4538a4be99e7dcae444676e to remote] DEBUG org.asynchttpclient.netty.request.NettyRequestSender - Using open Channel [id: 0x425809db, L:/127.0.0.1:50825 - R:localhost/127.0.0.1:49917] for GET '/session/210b0027b4538a4be99e7dcae444676e/element/222247a3-9f0b-4230-b30f-087f3c9078de/name'
16:30:35.763 [AsyncHttpClient-1-1] DEBUG org.asynchttpclient.netty.channel.DefaultChannelPool - Entry count for : http://localhost:50828 : 1
16:30:35.901 [AsyncHttpClient-1-2] DEBUG org.asynchttpclient.netty.handler.HttpHandler - 

Request DefaultFullHttpRequest(decodeResult: success, version: HTTP/1.1, content: EmptyByteBufBE)
GET /session/210b0027b4538a4be99e7dcae444676e/element/222247a3-9f0b-4230-b30f-087f3c9078de/name HTTP/1.1
User-Agent: selenium/4.1.2 (java windows)
Cache-Control: no-cache
Content-Type: application/json; charset=utf-8
host: localhost:49917
accept: */*

Response DefaultHttpResponse(decodeResult: success, version: HTTP/1.1)
HTTP/1.1 200 OK
Content-Type: application/json; charset=utf-8
cache-control: no-cache
content-length: 18

16:30:35.906 [AsyncHttpClient-1-2] DEBUG org.asynchttpclient.netty.channel.ChannelManager - Adding key: http://localhost:49917 for channel [id: 0x425809db, L:/127.0.0.1:50825 - R:localhost/127.0.0.1:49917]
16:30:35.971 [Forwarding isElementEnabled on session 210b0027b4538a4be99e7dcae444676e to remote] DEBUG org.asynchttpclient.netty.request.NettyRequestSender - Using pooled Channel '[id: 0x425809db, L:/127.0.0.1:50825 - R:localhost/127.0.0.1:49917]' for 'GET' to 'http://localhost:49917/session/210b0027b4538a4be99e7dcae444676e/element/222247a3-9f0b-4230-b30f-087f3c9078de/enabled'
16:30:35.973 [Forwarding isElementEnabled on session 210b0027b4538a4be99e7dcae444676e to remote] DEBUG org.asynchttpclient.netty.request.NettyRequestSender - Using open Channel [id: 0x425809db, L:/127.0.0.1:50825 - R:localhost/127.0.0.1:49917] for GET '/session/210b0027b4538a4be99e7dcae444676e/element/222247a3-9f0b-4230-b30f-087f3c9078de/enabled'
16:30:36.023 [AsyncHttpClient-1-2] DEBUG org.asynchttpclient.netty.handler.HttpHandler - 

Request DefaultFullHttpRequest(decodeResult: success, version: HTTP/1.1, content: EmptyByteBufBE)
GET /session/210b0027b4538a4be99e7dcae444676e/element/222247a3-9f0b-4230-b30f-087f3c9078de/enabled HTTP/1.1
User-Agent: selenium/4.1.2 (java windows)
Cache-Control: no-cache
Content-Type: application/json; charset=utf-8
host: localhost:49917
accept: */*

Response DefaultHttpResponse(decodeResult: success, version: HTTP/1.1)
HTTP/1.1 200 OK
Content-Type: application/json; charset=utf-8
cache-control: no-cache
content-length: 14

16:30:36.023 [AsyncHttpClient-1-2] DEBUG org.asynchttpclient.netty.channel.ChannelManager - Adding key: http://localhost:49917 for channel [id: 0x425809db, L:/127.0.0.1:50825 - R:localhost/127.0.0.1:49917]
16:30:36.033 [Forwarding isElementEnabled on session 210b0027b4538a4be99e7dcae444676e to remote] DEBUG org.asynchttpclient.netty.request.NettyRequestSender - Using pooled Channel '[id: 0x425809db, L:/127.0.0.1:50825 - R:localhost/127.0.0.1:49917]' for 'GET' to 'http://localhost:49917/session/210b0027b4538a4be99e7dcae444676e/element/222247a3-9f0b-4230-b30f-087f3c9078de/enabled'
16:30:36.033 [Forwarding isElementEnabled on session 210b0027b4538a4be99e7dcae444676e to remote] DEBUG org.asynchttpclient.netty.request.NettyRequestSender - Using open Channel [id: 0x425809db, L:/127.0.0.1:50825 - R:localhost/127.0.0.1:49917] for GET '/session/210b0027b4538a4be99e7dcae444676e/element/222247a3-9f0b-4230-b30f-087f3c9078de/enabled'
16:30:36.072 [AsyncHttpClient-1-2] DEBUG org.asynchttpclient.netty.handler.HttpHandler - 

Request DefaultFullHttpRequest(decodeResult: success, version: HTTP/1.1, content: EmptyByteBufBE)
GET /session/210b0027b4538a4be99e7dcae444676e/element/222247a3-9f0b-4230-b30f-087f3c9078de/enabled HTTP/1.1
User-Agent: selenium/4.1.2 (java windows)
Cache-Control: no-cache
Content-Type: application/json; charset=utf-8
host: localhost:49917
accept: */*

Response DefaultHttpResponse(decodeResult: success, version: HTTP/1.1)
HTTP/1.1 200 OK
Content-Type: application/json; charset=utf-8
cache-control: no-cache
content-length: 14

16:30:36.074 [AsyncHttpClient-1-2] DEBUG org.asynchttpclient.netty.channel.ChannelManager - Adding key: http://localhost:49917 for channel [id: 0x425809db, L:/127.0.0.1:50825 - R:localhost/127.0.0.1:49917]
16:30:36.094 [Forwarding findElement on session 210b0027b4538a4be99e7dcae444676e to remote] DEBUG org.asynchttpclient.netty.request.NettyRequestSender - Using pooled Channel '[id: 0x425809db, L:/127.0.0.1:50825 - R:localhost/127.0.0.1:49917]' for 'POST' to 'http://localhost:49917/session/210b0027b4538a4be99e7dcae444676e/element'
16:30:36.094 [Forwarding findElement on session 210b0027b4538a4be99e7dcae444676e to remote] DEBUG org.asynchttpclient.netty.request.NettyRequestSender - Using open Channel [id: 0x425809db, L:/127.0.0.1:50825 - R:localhost/127.0.0.1:49917] for POST '/session/210b0027b4538a4be99e7dcae444676e/element'
16:30:36.161 [AsyncHttpClient-1-2] DEBUG org.asynchttpclient.netty.handler.HttpHandler - 

Request DefaultHttpRequest(decodeResult: success, version: HTTP/1.1)
POST /session/210b0027b4538a4be99e7dcae444676e/element HTTP/1.1
User-Agent: selenium/4.1.2 (java windows)
Content-Length: 68
Content-Type: application/json; charset=utf-8
host: localhost:49917
accept: */*

Response DefaultHttpResponse(decodeResult: success, version: HTTP/1.1)
HTTP/1.1 200 OK
Content-Type: application/json; charset=utf-8
cache-control: no-cache
content-length: 88

16:30:36.161 [AsyncHttpClient-1-2] DEBUG org.asynchttpclient.netty.channel.ChannelManager - Adding key: http://localhost:49917 for channel [id: 0x425809db, L:/127.0.0.1:50825 - R:localhost/127.0.0.1:49917]
16:30:36.179 [Forwarding clickElement on session 210b0027b4538a4be99e7dcae444676e to remote] DEBUG org.asynchttpclient.netty.request.NettyRequestSender - Using pooled Channel '[id: 0x425809db, L:/127.0.0.1:50825 - R:localhost/127.0.0.1:49917]' for 'POST' to 'http://localhost:49917/session/210b0027b4538a4be99e7dcae444676e/element/222247a3-9f0b-4230-b30f-087f3c9078de/click'
16:30:36.179 [Forwarding clickElement on session 210b0027b4538a4be99e7dcae444676e to remote] DEBUG org.asynchttpclient.netty.request.NettyRequestSender - Using open Channel [id: 0x425809db, L:/127.0.0.1:50825 - R:localhost/127.0.0.1:49917] for POST '/session/210b0027b4538a4be99e7dcae444676e/element/222247a3-9f0b-4230-b30f-087f3c9078de/click'
16:30:36.841 [AsyncHttpClient-1-1] DEBUG org.asynchttpclient.netty.channel.DefaultChannelPool - Entry count for : http://localhost:50828 : 1
16:30:37.591 [AsyncHttpClient-1-2] DEBUG org.asynchttpclient.netty.handler.HttpHandler - 

Request DefaultHttpRequest(decodeResult: success, version: HTTP/1.1)
POST /session/210b0027b4538a4be99e7dcae444676e/element/222247a3-9f0b-4230-b30f-087f3c9078de/click HTTP/1.1
User-Agent: selenium/4.1.2 (java windows)
Content-Length: 50
Content-Type: application/json; charset=utf-8
host: localhost:49917
accept: */*

Response DefaultHttpResponse(decodeResult: success, version: HTTP/1.1)
HTTP/1.1 200 OK
Content-Type: application/json; charset=utf-8
cache-control: no-cache
content-length: 14

16:30:37.599 [AsyncHttpClient-1-2] DEBUG org.asynchttpclient.netty.channel.ChannelManager - Adding key: http://localhost:49917 for channel [id: 0x425809db, L:/127.0.0.1:50825 - R:localhost/127.0.0.1:49917]
16:30:38.247 [Forwarding screenshot on session 210b0027b4538a4be99e7dcae444676e to remote] DEBUG org.asynchttpclient.netty.request.NettyRequestSender - Using pooled Channel '[id: 0x425809db, L:/127.0.0.1:50825 - R:localhost/127.0.0.1:49917]' for 'GET' to 'http://localhost:49917/session/210b0027b4538a4be99e7dcae444676e/screenshot'
16:30:38.247 [Forwarding screenshot on session 210b0027b4538a4be99e7dcae444676e to remote] DEBUG org.asynchttpclient.netty.request.NettyRequestSender - Using open Channel [id: 0x425809db, L:/127.0.0.1:50825 - R:localhost/127.0.0.1:49917] for GET '/session/210b0027b4538a4be99e7dcae444676e/screenshot'
16:30:38.311 [AsyncHttpClient-1-1] DEBUG org.asynchttpclient.netty.channel.DefaultChannelPool - Entry count for : http://localhost:50828 : 1
16:30:39.031 [AsyncHttpClient-1-2] DEBUG org.asynchttpclient.netty.handler.HttpHandler - 

Request DefaultFullHttpRequest(decodeResult: success, version: HTTP/1.1, content: EmptyByteBufBE)
GET /session/210b0027b4538a4be99e7dcae444676e/screenshot HTTP/1.1
User-Agent: selenium/4.1.2 (java windows)
Cache-Control: no-cache
Content-Type: application/json; charset=utf-8
host: localhost:49917
accept: */*

Response DefaultHttpResponse(decodeResult: success, version: HTTP/1.1)
HTTP/1.1 200 OK
Content-Type: application/json; charset=utf-8
cache-control: no-cache
content-length: 52112

16:30:39.036 [AsyncHttpClient-1-2] DEBUG org.asynchttpclient.netty.channel.ChannelManager - Adding key: http://localhost:49917 for channel [id: 0x425809db, L:/127.0.0.1:50825 - R:localhost/127.0.0.1:49917]
16:30:39.055 [main] DEBUG net.serenitybdd.core.photography.Darkroom - Send negative for processing for target\site\serenity\efea2ec32f237e1b3396ee60287164c158abd61f8beb0edc858159b016786bee.png
16:30:39.069 [main] DEBUG net.thucydides.core.steps.StepInterceptor - STEP DONE: clickButtonTambah
  &amp#27;[32mWhen &amp#27;[0m&amp#27;[32mClick button tambah data&amp#27;[0m                                        &amp#27;[90m# starter.stepdefinitios.PatientDataSteps.clickButtonTambahData()&amp#27;[0m
16:30:39.069 [Darkroom Processing Line] DEBUG net.serenitybdd.core.photography.DarkroomProcessingLine - Processing screenshot image in /var/screenshots/screenshot-4873541579016625696
16:30:39.069 [Darkroom Processing Line] DEBUG net.serenitybdd.core.photography.DarkroomProcessingLine - Saving screenshot to target\site\serenity\efea2ec32f237e1b3396ee60287164c158abd61f8beb0edc858159b016786bee.png
16:30:39.143 [Forwarding screenshot on session 210b0027b4538a4be99e7dcae444676e to remote] DEBUG org.asynchttpclient.netty.request.NettyRequestSender - Using pooled Channel '[id: 0x425809db, L:/127.0.0.1:50825 - R:localhost/127.0.0.1:49917]' for 'GET' to 'http://localhost:49917/session/210b0027b4538a4be99e7dcae444676e/screenshot'
16:30:39.143 [Forwarding screenshot on session 210b0027b4538a4be99e7dcae444676e to remote] DEBUG org.asynchttpclient.netty.request.NettyRequestSender - Using open Channel [id: 0x425809db, L:/127.0.0.1:50825 - R:localhost/127.0.0.1:49917] for GET '/session/210b0027b4538a4be99e7dcae444676e/screenshot'
16:30:39.471 [AsyncHttpClient-1-1] DEBUG org.asynchttpclient.netty.channel.DefaultChannelPool - Entry count for : http://localhost:50828 : 1
16:30:40.077 [AsyncHttpClient-1-2] DEBUG org.asynchttpclient.netty.handler.HttpHandler - 

Request DefaultFullHttpRequest(decodeResult: success, version: HTTP/1.1, content: EmptyByteBufBE)
GET /session/210b0027b4538a4be99e7dcae444676e/screenshot HTTP/1.1
User-Agent: selenium/4.1.2 (java windows)
Cache-Control: no-cache
Content-Type: application/json; charset=utf-8
host: localhost:49917
accept: */*

Response DefaultHttpResponse(decodeResult: success, version: HTTP/1.1)
HTTP/1.1 200 OK
Content-Type: application/json; charset=utf-8
cache-control: no-cache
content-length: 52112

16:30:40.077 [AsyncHttpClient-1-2] DEBUG org.asynchttpclient.netty.channel.ChannelManager - Adding key: http://localhost:49917 for channel [id: 0x425809db, L:/127.0.0.1:50825 - R:localhost/127.0.0.1:49917]
16:30:40.093 [main] DEBUG net.serenitybdd.core.photography.Darkroom - Send negative for processing for target\site\serenity\efea2ec32f237e1b3396ee60287164c158abd61f8beb0edc858159b016786bee.png
16:30:40.197 [Forwarding screenshot on session 210b0027b4538a4be99e7dcae444676e to remote] DEBUG org.asynchttpclient.netty.request.NettyRequestSender - Using pooled Channel '[id: 0x425809db, L:/127.0.0.1:50825 - R:localhost/127.0.0.1:49917]' for 'GET' to 'http://localhost:49917/session/210b0027b4538a4be99e7dcae444676e/screenshot'
16:30:40.197 [Forwarding screenshot on session 210b0027b4538a4be99e7dcae444676e to remote] DEBUG org.asynchttpclient.netty.request.NettyRequestSender - Using open Channel [id: 0x425809db, L:/127.0.0.1:50825 - R:localhost/127.0.0.1:49917] for GET '/session/210b0027b4538a4be99e7dcae444676e/screenshot'
16:30:40.544 [AsyncHttpClient-1-1] DEBUG org.asynchttpclient.netty.channel.DefaultChannelPool - Entry count for : http://localhost:50828 : 1
16:30:41.220 [AsyncHttpClient-1-2] DEBUG org.asynchttpclient.netty.handler.HttpHandler - 

Request DefaultFullHttpRequest(decodeResult: success, version: HTTP/1.1, content: EmptyByteBufBE)
GET /session/210b0027b4538a4be99e7dcae444676e/screenshot HTTP/1.1
User-Agent: selenium/4.1.2 (java windows)
Cache-Control: no-cache
Content-Type: application/json; charset=utf-8
host: localhost:49917
accept: */*

Response DefaultHttpResponse(decodeResult: success, version: HTTP/1.1)
HTTP/1.1 200 OK
Content-Type: application/json; charset=utf-8
cache-control: no-cache
content-length: 52112

16:30:41.222 [AsyncHttpClient-1-2] DEBUG org.asynchttpclient.netty.channel.ChannelManager - Adding key: http://localhost:49917 for channel [id: 0x425809db, L:/127.0.0.1:50825 - R:localhost/127.0.0.1:49917]
16:30:41.262 [main] DEBUG net.serenitybdd.core.photography.Darkroom - Send negative for processing for target\site\serenity\efea2ec32f237e1b3396ee60287164c158abd61f8beb0edc858159b016786bee.png
16:30:41.262 [main] DEBUG net.thucydides.core.steps.StepInterceptor - STARTING STEP: KelolaJadwalSteps.clickOnTheSelectPatientActionToSelectAPatient - buttonPilihPasien
16:30:41.415 [Forwarding findElement on session 210b0027b4538a4be99e7dcae444676e to remote] DEBUG org.asynchttpclient.netty.request.NettyRequestSender - Using pooled Channel '[id: 0x425809db, L:/127.0.0.1:50825 - R:localhost/127.0.0.1:49917]' for 'POST' to 'http://localhost:49917/session/210b0027b4538a4be99e7dcae444676e/element'
16:30:41.419 [Forwarding findElement on session 210b0027b4538a4be99e7dcae444676e to remote] DEBUG org.asynchttpclient.netty.request.NettyRequestSender - Using open Channel [id: 0x425809db, L:/127.0.0.1:50825 - R:localhost/127.0.0.1:49917] for POST '/session/210b0027b4538a4be99e7dcae444676e/element'
16:30:41.511 [AsyncHttpClient-1-2] DEBUG org.asynchttpclient.netty.handler.HttpHandler - 

Request DefaultHttpRequest(decodeResult: success, version: HTTP/1.1)
POST /session/210b0027b4538a4be99e7dcae444676e/element HTTP/1.1
User-Agent: selenium/4.1.2 (java windows)
Content-Length: 147
Content-Type: application/json; charset=utf-8
host: localhost:49917
accept: */*

Response DefaultHttpResponse(decodeResult: success, version: HTTP/1.1)
HTTP/1.1 200 OK
Content-Type: application/json; charset=utf-8
cache-control: no-cache
content-length: 88

16:30:41.511 [AsyncHttpClient-1-2] DEBUG org.asynchttpclient.netty.channel.ChannelManager - Adding key: http://localhost:49917 for channel [id: 0x425809db, L:/127.0.0.1:50825 - R:localhost/127.0.0.1:49917]
16:30:41.546 [Forwarding getElementTagName on session 210b0027b4538a4be99e7dcae444676e to remote] DEBUG org.asynchttpclient.netty.request.NettyRequestSender - Using pooled Channel '[id: 0x425809db, L:/127.0.0.1:50825 - R:localhost/127.0.0.1:49917]' for 'GET' to 'http://localhost:49917/session/210b0027b4538a4be99e7dcae444676e/element/d7533c04-6bfe-4071-9e15-4fdcf50e9fec/name'
16:30:41.549 [Forwarding getElementTagName on session 210b0027b4538a4be99e7dcae444676e to remote] DEBUG org.asynchttpclient.netty.request.NettyRequestSender - Using open Channel [id: 0x425809db, L:/127.0.0.1:50825 - R:localhost/127.0.0.1:49917] for GET '/session/210b0027b4538a4be99e7dcae444676e/element/d7533c04-6bfe-4071-9e15-4fdcf50e9fec/name'
16:30:41.601 [AsyncHttpClient-1-2] DEBUG org.asynchttpclient.netty.handler.HttpHandler - 

Request DefaultFullHttpRequest(decodeResult: success, version: HTTP/1.1, content: EmptyByteBufBE)
GET /session/210b0027b4538a4be99e7dcae444676e/element/d7533c04-6bfe-4071-9e15-4fdcf50e9fec/name HTTP/1.1
User-Agent: selenium/4.1.2 (java windows)
Cache-Control: no-cache
Content-Type: application/json; charset=utf-8
host: localhost:49917
accept: */*

Response DefaultHttpResponse(decodeResult: success, version: HTTP/1.1)
HTTP/1.1 200 OK
Content-Type: application/json; charset=utf-8
cache-control: no-cache
content-length: 15

16:30:41.609 [AsyncHttpClient-1-2] DEBUG org.asynchttpclient.netty.channel.ChannelManager - Adding key: http://localhost:49917 for channel [id: 0x425809db, L:/127.0.0.1:50825 - R:localhost/127.0.0.1:49917]
16:30:41.617 [Forwarding getElementTagName on session 210b0027b4538a4be99e7dcae444676e to remote] DEBUG org.asynchttpclient.netty.request.NettyRequestSender - Using pooled Channel '[id: 0x425809db, L:/127.0.0.1:50825 - R:localhost/127.0.0.1:49917]' for 'GET' to 'http://localhost:49917/session/210b0027b4538a4be99e7dcae444676e/element/d7533c04-6bfe-4071-9e15-4fdcf50e9fec/name'
16:30:41.617 [Forwarding getElementTagName on session 210b0027b4538a4be99e7dcae444676e to remote] DEBUG org.asynchttpclient.netty.request.NettyRequestSender - Using open Channel [id: 0x425809db, L:/127.0.0.1:50825 - R:localhost/127.0.0.1:49917] for GET '/session/210b0027b4538a4be99e7dcae444676e/element/d7533c04-6bfe-4071-9e15-4fdcf50e9fec/name'
16:30:41.643 [AsyncHttpClient-1-1] DEBUG org.asynchttpclient.netty.channel.DefaultChannelPool - Entry count for : http://localhost:50828 : 1
16:30:41.643 [AsyncHttpClient-1-2] DEBUG org.asynchttpclient.netty.handler.HttpHandler - 

Request DefaultFullHttpRequest(decodeResult: success, version: HTTP/1.1, content: EmptyByteBufBE)
GET /session/210b0027b4538a4be99e7dcae444676e/element/d7533c04-6bfe-4071-9e15-4fdcf50e9fec/name HTTP/1.1
User-Agent: selenium/4.1.2 (java windows)
Cache-Control: no-cache
Content-Type: application/json; charset=utf-8
host: localhost:49917
accept: */*

Response DefaultHttpResponse(decodeResult: success, version: HTTP/1.1)
HTTP/1.1 200 OK
Content-Type: application/json; charset=utf-8
cache-control: no-cache
content-length: 15

16:30:41.643 [AsyncHttpClient-1-2] DEBUG org.asynchttpclient.netty.channel.ChannelManager - Adding key: http://localhost:49917 for channel [id: 0x425809db, L:/127.0.0.1:50825 - R:localhost/127.0.0.1:49917]
16:30:41.662 [Forwarding findElement on session 210b0027b4538a4be99e7dcae444676e to remote] DEBUG org.asynchttpclient.netty.request.NettyRequestSender - Using pooled Channel '[id: 0x425809db, L:/127.0.0.1:50825 - R:localhost/127.0.0.1:49917]' for 'POST' to 'http://localhost:49917/session/210b0027b4538a4be99e7dcae444676e/element'
16:30:41.662 [Forwarding findElement on session 210b0027b4538a4be99e7dcae444676e to remote] DEBUG org.asynchttpclient.netty.request.NettyRequestSender - Using open Channel [id: 0x425809db, L:/127.0.0.1:50825 - R:localhost/127.0.0.1:49917] for POST '/session/210b0027b4538a4be99e7dcae444676e/element'
16:30:41.706 [AsyncHttpClient-1-2] DEBUG org.asynchttpclient.netty.handler.HttpHandler - 

Request DefaultHttpRequest(decodeResult: success, version: HTTP/1.1)
POST /session/210b0027b4538a4be99e7dcae444676e/element HTTP/1.1
User-Agent: selenium/4.1.2 (java windows)
Content-Length: 147
Content-Type: application/json; charset=utf-8
host: localhost:49917
accept: */*

Response DefaultHttpResponse(decodeResult: success, version: HTTP/1.1)
HTTP/1.1 200 OK
Content-Type: application/json; charset=utf-8
cache-control: no-cache
content-length: 88

16:30:41.706 [AsyncHttpClient-1-2] DEBUG org.asynchttpclient.netty.channel.ChannelManager - Adding key: http://localhost:49917 for channel [id: 0x425809db, L:/127.0.0.1:50825 - R:localhost/127.0.0.1:49917]
16:30:41.714 [Forwarding clickElement on session 210b0027b4538a4be99e7dcae444676e to remote] DEBUG org.asynchttpclient.netty.request.NettyRequestSender - Using pooled Channel '[id: 0x425809db, L:/127.0.0.1:50825 - R:localhost/127.0.0.1:49917]' for 'POST' to 'http://localhost:49917/session/210b0027b4538a4be99e7dcae444676e/element/d7533c04-6bfe-4071-9e15-4fdcf50e9fec/click'
16:30:41.714 [Forwarding clickElement on session 210b0027b4538a4be99e7dcae444676e to remote] DEBUG org.asynchttpclient.netty.request.NettyRequestSender - Using open Channel [id: 0x425809db, L:/127.0.0.1:50825 - R:localhost/127.0.0.1:49917] for POST '/session/210b0027b4538a4be99e7dcae444676e/element/d7533c04-6bfe-4071-9e15-4fdcf50e9fec/click'
16:30:42.220 [AsyncHttpClient-1-2] DEBUG org.asynchttpclient.netty.handler.HttpHandler - 

Request DefaultHttpRequest(decodeResult: success, version: HTTP/1.1)
POST /session/210b0027b4538a4be99e7dcae444676e/element/d7533c04-6bfe-4071-9e15-4fdcf50e9fec/click HTTP/1.1
User-Agent: selenium/4.1.2 (java windows)
Content-Length: 50
Content-Type: application/json; charset=utf-8
host: localhost:49917
accept: */*

Response DefaultHttpResponse(decodeResult: success, version: HTTP/1.1)
HTTP/1.1 200 OK
Content-Type: application/json; charset=utf-8
cache-control: no-cache
content-length: 14

16:30:42.221 [AsyncHttpClient-1-2] DEBUG org.asynchttpclient.netty.channel.ChannelManager - Adding key: http://localhost:49917 for channel [id: 0x425809db, L:/127.0.0.1:50825 - R:localhost/127.0.0.1:49917]
16:30:42.703 [Forwarding screenshot on session 210b0027b4538a4be99e7dcae444676e to remote] DEBUG org.asynchttpclient.netty.request.NettyRequestSender - Using pooled Channel '[id: 0x425809db, L:/127.0.0.1:50825 - R:localhost/127.0.0.1:49917]' for 'GET' to 'http://localhost:49917/session/210b0027b4538a4be99e7dcae444676e/screenshot'
16:30:42.703 [Forwarding screenshot on session 210b0027b4538a4be99e7dcae444676e to remote] DEBUG org.asynchttpclient.netty.request.NettyRequestSender - Using open Channel [id: 0x425809db, L:/127.0.0.1:50825 - R:localhost/127.0.0.1:49917] for GET '/session/210b0027b4538a4be99e7dcae444676e/screenshot'
16:30:42.938 [AsyncHttpClient-1-1] DEBUG org.asynchttpclient.netty.channel.DefaultChannelPool - Entry count for : http://localhost:50828 : 1
16:30:43.432 [AsyncHttpClient-1-2] DEBUG org.asynchttpclient.netty.handler.HttpHandler - 

Request DefaultFullHttpRequest(decodeResult: success, version: HTTP/1.1, content: EmptyByteBufBE)
GET /session/210b0027b4538a4be99e7dcae444676e/screenshot HTTP/1.1
User-Agent: selenium/4.1.2 (java windows)
Cache-Control: no-cache
Content-Type: application/json; charset=utf-8
host: localhost:49917
accept: */*

Response DefaultHttpResponse(decodeResult: success, version: HTTP/1.1)
HTTP/1.1 200 OK
Content-Type: application/json; charset=utf-8
cache-control: no-cache
content-length: 55340

16:30:43.440 [AsyncHttpClient-1-2] DEBUG org.asynchttpclient.netty.channel.ChannelManager - Adding key: http://localhost:49917 for channel [id: 0x425809db, L:/127.0.0.1:50825 - R:localhost/127.0.0.1:49917]
16:30:43.448 [main] DEBUG net.serenitybdd.core.photography.Darkroom - Send negative for processing for target\site\serenity\965116e566adcc06da2b90fd6da1ed3e669ad4fa64e39a5edd002ec79aaf996e.png
16:30:43.456 [main] DEBUG net.thucydides.core.steps.StepInterceptor - STEP DONE: buttonPilihPasien
  &amp#27;[32mAnd &amp#27;[0m&amp#27;[32mClick on the select patient action to select a patient&amp#27;[0m           &amp#27;[90m# starter.stepdefinitios.KelolaJadwalSteps.clickOnTheSelectPatientActionToSelectAPatient()&amp#27;[0m
16:30:43.456 [Darkroom Processing Line] DEBUG net.serenitybdd.core.photography.DarkroomProcessingLine - Processing screenshot image in /var/screenshots/screenshot-5185017898803472471
16:30:43.456 [Darkroom Processing Line] DEBUG net.serenitybdd.core.photography.DarkroomProcessingLine - Saving screenshot to target\site\serenity\965116e566adcc06da2b90fd6da1ed3e669ad4fa64e39a5edd002ec79aaf996e.png
16:30:43.552 [Forwarding screenshot on session 210b0027b4538a4be99e7dcae444676e to remote] DEBUG org.asynchttpclient.netty.request.NettyRequestSender - Using pooled Channel '[id: 0x425809db, L:/127.0.0.1:50825 - R:localhost/127.0.0.1:49917]' for 'GET' to 'http://localhost:49917/session/210b0027b4538a4be99e7dcae444676e/screenshot'
16:30:43.576 [Forwarding screenshot on session 210b0027b4538a4be99e7dcae444676e to remote] DEBUG org.asynchttpclient.netty.request.NettyRequestSender - Using open Channel [id: 0x425809db, L:/127.0.0.1:50825 - R:localhost/127.0.0.1:49917] for GET '/session/210b0027b4538a4be99e7dcae444676e/screenshot'
16:30:44.094 [AsyncHttpClient-1-1] DEBUG org.asynchttpclient.netty.channel.DefaultChannelPool - Entry count for : http://localhost:50828 : 1
16:30:44.414 [AsyncHttpClient-1-2] DEBUG org.asynchttpclient.netty.handler.HttpHandler - 

Request DefaultFullHttpRequest(decodeResult: success, version: HTTP/1.1, content: EmptyByteBufBE)
GET /session/210b0027b4538a4be99e7dcae444676e/screenshot HTTP/1.1
User-Agent: selenium/4.1.2 (java windows)
Cache-Control: no-cache
Content-Type: application/json; charset=utf-8
host: localhost:49917
accept: */*

Response DefaultHttpResponse(decodeResult: success, version: HTTP/1.1)
HTTP/1.1 200 OK
Content-Type: application/json; charset=utf-8
cache-control: no-cache
content-length: 55340

16:30:44.422 [AsyncHttpClient-1-2] DEBUG org.asynchttpclient.netty.channel.ChannelManager - Adding key: http://localhost:49917 for channel [id: 0x425809db, L:/127.0.0.1:50825 - R:localhost/127.0.0.1:49917]
16:30:44.438 [main] DEBUG net.serenitybdd.core.photography.Darkroom - Send negative for processing for target\site\serenity\965116e566adcc06da2b90fd6da1ed3e669ad4fa64e39a5edd002ec79aaf996e.png
16:30:44.518 [Forwarding screenshot on session 210b0027b4538a4be99e7dcae444676e to remote] DEBUG org.asynchttpclient.netty.request.NettyRequestSender - Using pooled Channel '[id: 0x425809db, L:/127.0.0.1:50825 - R:localhost/127.0.0.1:49917]' for 'GET' to 'http://localhost:49917/session/210b0027b4538a4be99e7dcae444676e/screenshot'
16:30:44.526 [Forwarding screenshot on session 210b0027b4538a4be99e7dcae444676e to remote] DEBUG org.asynchttpclient.netty.request.NettyRequestSender - Using open Channel [id: 0x425809db, L:/127.0.0.1:50825 - R:localhost/127.0.0.1:49917] for GET '/session/210b0027b4538a4be99e7dcae444676e/screenshot'
16:30:45.065 [AsyncHttpClient-1-2] DEBUG org.asynchttpclient.netty.handler.HttpHandler - 

Request DefaultFullHttpRequest(decodeResult: success, version: HTTP/1.1, content: EmptyByteBufBE)
GET /session/210b0027b4538a4be99e7dcae444676e/screenshot HTTP/1.1
User-Agent: selenium/4.1.2 (java windows)
Cache-Control: no-cache
Content-Type: application/json; charset=utf-8
host: localhost:49917
accept: */*

Response DefaultHttpResponse(decodeResult: success, version: HTTP/1.1)
HTTP/1.1 200 OK
Content-Type: application/json; charset=utf-8
cache-control: no-cache
content-length: 55340

16:30:45.069 [AsyncHttpClient-1-2] DEBUG org.asynchttpclient.netty.channel.ChannelManager - Adding key: http://localhost:49917 for channel [id: 0x425809db, L:/127.0.0.1:50825 - R:localhost/127.0.0.1:49917]
16:30:45.079 [main] DEBUG net.serenitybdd.core.photography.Darkroom - Send negative for processing for target\site\serenity\965116e566adcc06da2b90fd6da1ed3e669ad4fa64e39a5edd002ec79aaf996e.png
16:30:45.079 [main] DEBUG net.thucydides.core.steps.StepInterceptor - STARTING STEP: KelolaJadwalSteps.clickOnTheActionChooseADoctorToChooseADoctor - buttonPilihDokter
16:30:45.111 [Forwarding findElement on session 210b0027b4538a4be99e7dcae444676e to remote] DEBUG org.asynchttpclient.netty.request.NettyRequestSender - Using pooled Channel '[id: 0x425809db, L:/127.0.0.1:50825 - R:localhost/127.0.0.1:49917]' for 'POST' to 'http://localhost:49917/session/210b0027b4538a4be99e7dcae444676e/element'
16:30:45.111 [Forwarding findElement on session 210b0027b4538a4be99e7dcae444676e to remote] DEBUG org.asynchttpclient.netty.request.NettyRequestSender - Using open Channel [id: 0x425809db, L:/127.0.0.1:50825 - R:localhost/127.0.0.1:49917] for POST '/session/210b0027b4538a4be99e7dcae444676e/element'
16:30:45.143 [AsyncHttpClient-1-1] DEBUG org.asynchttpclient.netty.channel.DefaultChannelPool - Entry count for : http://localhost:50828 : 1
16:30:45.183 [AsyncHttpClient-1-2] DEBUG org.asynchttpclient.netty.handler.HttpHandler - 

Request DefaultHttpRequest(decodeResult: success, version: HTTP/1.1)
POST /session/210b0027b4538a4be99e7dcae444676e/element HTTP/1.1
User-Agent: selenium/4.1.2 (java windows)
Content-Length: 147
Content-Type: application/json; charset=utf-8
host: localhost:49917
accept: */*

Response DefaultHttpResponse(decodeResult: success, version: HTTP/1.1)
HTTP/1.1 200 OK
Content-Type: application/json; charset=utf-8
cache-control: no-cache
content-length: 88

16:30:45.183 [AsyncHttpClient-1-2] DEBUG org.asynchttpclient.netty.channel.ChannelManager - Adding key: http://localhost:49917 for channel [id: 0x425809db, L:/127.0.0.1:50825 - R:localhost/127.0.0.1:49917]
16:30:45.191 [Forwarding getElementTagName on session 210b0027b4538a4be99e7dcae444676e to remote] DEBUG org.asynchttpclient.netty.request.NettyRequestSender - Using pooled Channel '[id: 0x425809db, L:/127.0.0.1:50825 - R:localhost/127.0.0.1:49917]' for 'GET' to 'http://localhost:49917/session/210b0027b4538a4be99e7dcae444676e/element/e1542d02-38ce-43c6-8b28-43308b3771cd/name'
16:30:45.199 [Forwarding getElementTagName on session 210b0027b4538a4be99e7dcae444676e to remote] DEBUG org.asynchttpclient.netty.request.NettyRequestSender - Using open Channel [id: 0x425809db, L:/127.0.0.1:50825 - R:localhost/127.0.0.1:49917] for GET '/session/210b0027b4538a4be99e7dcae444676e/element/e1542d02-38ce-43c6-8b28-43308b3771cd/name'
16:30:45.391 [AsyncHttpClient-1-2] DEBUG org.asynchttpclient.netty.handler.HttpHandler - 

Request DefaultFullHttpRequest(decodeResult: success, version: HTTP/1.1, content: EmptyByteBufBE)
GET /session/210b0027b4538a4be99e7dcae444676e/element/e1542d02-38ce-43c6-8b28-43308b3771cd/name HTTP/1.1
User-Agent: selenium/4.1.2 (java windows)
Cache-Control: no-cache
Content-Type: application/json; charset=utf-8
host: localhost:49917
accept: */*

Response DefaultHttpResponse(decodeResult: success, version: HTTP/1.1)
HTTP/1.1 200 OK
Content-Type: application/json; charset=utf-8
cache-control: no-cache
content-length: 15

16:30:45.399 [AsyncHttpClient-1-2] DEBUG org.asynchttpclient.netty.channel.ChannelManager - Adding key: http://localhost:49917 for channel [id: 0x425809db, L:/127.0.0.1:50825 - R:localhost/127.0.0.1:49917]
16:30:45.407 [Forwarding getElementTagName on session 210b0027b4538a4be99e7dcae444676e to remote] DEBUG org.asynchttpclient.netty.request.NettyRequestSender - Using pooled Channel '[id: 0x425809db, L:/127.0.0.1:50825 - R:localhost/127.0.0.1:49917]' for 'GET' to 'http://localhost:49917/session/210b0027b4538a4be99e7dcae444676e/element/e1542d02-38ce-43c6-8b28-43308b3771cd/name'
16:30:45.407 [Forwarding getElementTagName on session 210b0027b4538a4be99e7dcae444676e to remote] DEBUG org.asynchttpclient.netty.request.NettyRequestSender - Using open Channel [id: 0x425809db, L:/127.0.0.1:50825 - R:localhost/127.0.0.1:49917] for GET '/session/210b0027b4538a4be99e7dcae444676e/element/e1542d02-38ce-43c6-8b28-43308b3771cd/name'
16:30:45.455 [AsyncHttpClient-1-2] DEBUG org.asynchttpclient.netty.handler.HttpHandler - 

Request DefaultFullHttpRequest(decodeResult: success, version: HTTP/1.1, content: EmptyByteBufBE)
GET /session/210b0027b4538a4be99e7dcae444676e/element/e1542d02-38ce-43c6-8b28-43308b3771cd/name HTTP/1.1
User-Agent: selenium/4.1.2 (java windows)
Cache-Control: no-cache
Content-Type: application/json; charset=utf-8
host: localhost:49917
accept: */*

Response DefaultHttpResponse(decodeResult: success, version: HTTP/1.1)
HTTP/1.1 200 OK
Content-Type: application/json; charset=utf-8
cache-control: no-cache
content-length: 15

16:30:45.455 [AsyncHttpClient-1-2] DEBUG org.asynchttpclient.netty.channel.ChannelManager - Adding key: http://localhost:49917 for channel [id: 0x425809db, L:/127.0.0.1:50825 - R:localhost/127.0.0.1:49917]
[...]
16:33:32.935 [Forwarding screenshot on session c1f7077ab5e549f41a268f55130d7847 to remote] DEBUG org.asynchttpclient.netty.request.NettyRequestSender - Using open Channel [id: 0xda77fe35, L:/127.0.0.1:51031 - R:localhost/127.0.0.1:59029] for GET '/session/c1f7077ab5e549f41a268f55130d7847/screenshot'
16:33:32.944 [AsyncHttpClient-1-1] DEBUG org.asynchttpclient.netty.channel.DefaultChannelPool - Entry count for : http://localhost:51033 : 1
16:33:33.908 [AsyncHttpClient-1-6] DEBUG org.asynchttpclient.netty.handler.HttpHandler - 

Request DefaultFullHttpRequest(decodeResult: success, version: HTTP/1.1, content: EmptyByteBufBE)
GET /session/c1f7077ab5e549f41a268f55130d7847/screenshot HTTP/1.1
User-Agent: selenium/4.1.2 (java windows)
Cache-Control: no-cache
Content-Type: application/json; charset=utf-8
host: localhost:59029
accept: */*

Response DefaultHttpResponse(decodeResult: success, version: HTTP/1.1)
HTTP/1.1 200 OK
Content-Type: application/json; charset=utf-8
cache-control: no-cache
content-length: 49744

16:33:33.909 [AsyncHttpClient-1-6] DEBUG org.asynchttpclient.netty.channel.ChannelManager - Adding key: http://localhost:59029 for channel [id: 0xda77fe35, L:/127.0.0.1:51031 - R:localhost/127.0.0.1:59029]
16:33:33.916 [main] DEBUG net.serenitybdd.core.photography.Darkroom - Send negative for processing for target\site\serenity\7652f4b5db0417d2adafe769c00955b7d0528c1916d355cd71fb33c2ffc2a61c.png
16:33:33.918 [main] DEBUG net.thucydides.core.steps.StepInterceptor - STEP DONE: buttonSave
  &amp#27;[32mAnd &amp#27;[0m&amp#27;[32mClick simpan&amp#27;[0m                                                                                 &amp#27;[90m# starter.stepdefinitios.KelolaJadwalSteps.clickSimpan()&amp#27;[0m
16:33:33.925 [Darkroom Processing Line] DEBUG net.serenitybdd.core.photography.DarkroomProcessingLine - Processing screenshot image in /var/screenshots/screenshot-570872813776767014
16:33:33.925 [Darkroom Processing Line] DEBUG net.serenitybdd.core.photography.DarkroomProcessingLine - Saving screenshot to target\site\serenity\7652f4b5db0417d2adafe769c00955b7d0528c1916d355cd71fb33c2ffc2a61c.png
16:33:34.011 [Forwarding screenshot on session c1f7077ab5e549f41a268f55130d7847 to remote] DEBUG org.asynchttpclient.netty.request.NettyRequestSender - Using pooled Channel '[id: 0xda77fe35, L:/127.0.0.1:51031 - R:localhost/127.0.0.1:59029]' for 'GET' to 'http://localhost:59029/session/c1f7077ab5e549f41a268f55130d7847/screenshot'
16:33:34.011 [Forwarding screenshot on session c1f7077ab5e549f41a268f55130d7847 to remote] DEBUG org.asynchttpclient.netty.request.NettyRequestSender - Using open Channel [id: 0xda77fe35, L:/127.0.0.1:51031 - R:localhost/127.0.0.1:59029] for GET '/session/c1f7077ab5e549f41a268f55130d7847/screenshot'
16:33:34.076 [AsyncHttpClient-1-1] DEBUG org.asynchttpclient.netty.channel.DefaultChannelPool - Entry count for : http://localhost:51033 : 1
16:33:34.508 [AsyncHttpClient-1-6] DEBUG org.asynchttpclient.netty.handler.HttpHandler - 

Request DefaultFullHttpRequest(decodeResult: success, version: HTTP/1.1, content: EmptyByteBufBE)
GET /session/c1f7077ab5e549f41a268f55130d7847/screenshot HTTP/1.1
User-Agent: selenium/4.1.2 (java windows)
Cache-Control: no-cache
Content-Type: application/json; charset=utf-8
host: localhost:59029
accept: */*

Response DefaultHttpResponse(decodeResult: success, version: HTTP/1.1)
HTTP/1.1 200 OK
Content-Type: application/json; charset=utf-8
cache-control: no-cache
content-length: 49728

16:33:34.509 [AsyncHttpClient-1-6] DEBUG org.asynchttpclient.netty.channel.ChannelManager - Adding key: http://localhost:59029 for channel [id: 0xda77fe35, L:/127.0.0.1:51031 - R:localhost/127.0.0.1:59029]
16:33:34.517 [main] DEBUG net.serenitybdd.core.photography.Darkroom - Send negative for processing for target\site\serenity\3d84226707b1067c384114e55692601285bed65a9b481d201f9cf7c90b6eb377.png
16:33:34.520 [main] DEBUG net.thucydides.core.steps.StepInterceptor - STARTING STEP: KelolaJadwalSteps.validateDataErrorKelolaJadwal - validateErrorKelolaJadwal
16:33:34.529 [Forwarding findElement on session c1f7077ab5e549f41a268f55130d7847 to remote] DEBUG org.asynchttpclient.netty.request.NettyRequestSender - Using pooled Channel '[id: 0xda77fe35, L:/127.0.0.1:51031 - R:localhost/127.0.0.1:59029]' for 'POST' to 'http://localhost:59029/session/c1f7077ab5e549f41a268f55130d7847/element'
16:33:34.529 [Forwarding findElement on session c1f7077ab5e549f41a268f55130d7847 to remote] DEBUG org.asynchttpclient.netty.request.NettyRequestSender - Using open Channel [id: 0xda77fe35, L:/127.0.0.1:51031 - R:localhost/127.0.0.1:59029] for POST '/session/c1f7077ab5e549f41a268f55130d7847/element'
16:33:34.542 [Darkroom Processing Line] DEBUG net.serenitybdd.core.photography.DarkroomProcessingLine - Processing screenshot image in /var/screenshots/screenshot-5260985886201708275
16:33:34.542 [Darkroom Processing Line] DEBUG net.serenitybdd.core.photography.DarkroomProcessingLine - Saving screenshot to target\site\serenity\3d84226707b1067c384114e55692601285bed65a9b481d201f9cf7c90b6eb377.png
16:33:34.612 [AsyncHttpClient-1-6] DEBUG org.asynchttpclient.netty.handler.HttpHandler - 

Request DefaultHttpRequest(decodeResult: success, version: HTTP/1.1)
POST /session/c1f7077ab5e549f41a268f55130d7847/element HTTP/1.1
User-Agent: selenium/4.1.2 (java windows)
Content-Length: 100
Content-Type: application/json; charset=utf-8
host: localhost:59029
accept: */*

Response DefaultHttpResponse(decodeResult: success, version: HTTP/1.1)
HTTP/1.1 200 OK
Content-Type: application/json; charset=utf-8
cache-control: no-cache
content-length: 88

16:33:34.612 [AsyncHttpClient-1-6] DEBUG org.asynchttpclient.netty.channel.ChannelManager - Adding key: http://localhost:59029 for channel [id: 0xda77fe35, L:/127.0.0.1:51031 - R:localhost/127.0.0.1:59029]
16:33:34.620 [Forwarding isElementEnabled on session c1f7077ab5e549f41a268f55130d7847 to remote] DEBUG org.asynchttpclient.netty.request.NettyRequestSender - Using pooled Channel '[id: 0xda77fe35, L:/127.0.0.1:51031 - R:localhost/127.0.0.1:59029]' for 'GET' to 'http://localhost:59029/session/c1f7077ab5e549f41a268f55130d7847/element/c5a1d12e-994c-4fc9-acd3-998daa34c38e/enabled'
16:33:34.620 [Forwarding isElementEnabled on session c1f7077ab5e549f41a268f55130d7847 to remote] DEBUG org.asynchttpclient.netty.request.NettyRequestSender - Using open Channel [id: 0xda77fe35, L:/127.0.0.1:51031 - R:localhost/127.0.0.1:59029] for GET '/session/c1f7077ab5e549f41a268f55130d7847/element/c5a1d12e-994c-4fc9-acd3-998daa34c38e/enabled'
16:33:34.679 [AsyncHttpClient-1-6] DEBUG org.asynchttpclient.netty.handler.HttpHandler - 

Request DefaultFullHttpRequest(decodeResult: success, version: HTTP/1.1, content: EmptyByteBufBE)
GET /session/c1f7077ab5e549f41a268f55130d7847/element/c5a1d12e-994c-4fc9-acd3-998daa34c38e/enabled HTTP/1.1
User-Agent: selenium/4.1.2 (java windows)
Cache-Control: no-cache
Content-Type: application/json; charset=utf-8
host: localhost:59029
accept: */*

Response DefaultHttpResponse(decodeResult: success, version: HTTP/1.1)
HTTP/1.1 200 OK
Content-Type: application/json; charset=utf-8
cache-control: no-cache
content-length: 14

16:33:34.680 [AsyncHttpClient-1-6] DEBUG org.asynchttpclient.netty.channel.ChannelManager - Adding key: http://localhost:59029 for channel [id: 0xda77fe35, L:/127.0.0.1:51031 - R:localhost/127.0.0.1:59029]
16:33:34.704 [Forwarding screenshot on session c1f7077ab5e549f41a268f55130d7847 to remote] DEBUG org.asynchttpclient.netty.request.NettyRequestSender - Using pooled Channel '[id: 0xda77fe35, L:/127.0.0.1:51031 - R:localhost/127.0.0.1:59029]' for 'GET' to 'http://localhost:59029/session/c1f7077ab5e549f41a268f55130d7847/screenshot'
16:33:34.704 [Forwarding screenshot on session c1f7077ab5e549f41a268f55130d7847 to remote] DEBUG org.asynchttpclient.netty.request.NettyRequestSender - Using open Channel [id: 0xda77fe35, L:/127.0.0.1:51031 - R:localhost/127.0.0.1:59029] for GET '/session/c1f7077ab5e549f41a268f55130d7847/screenshot'
16:33:35.021 [AsyncHttpClient-1-6] DEBUG org.asynchttpclient.netty.handler.HttpHandler - 

Request DefaultFullHttpRequest(decodeResult: success, version: HTTP/1.1, content: EmptyByteBufBE)
GET /session/c1f7077ab5e549f41a268f55130d7847/screenshot HTTP/1.1
User-Agent: selenium/4.1.2 (java windows)
Cache-Control: no-cache
Content-Type: application/json; charset=utf-8
host: localhost:59029
accept: */*

Response DefaultHttpResponse(decodeResult: success, version: HTTP/1.1)
HTTP/1.1 200 OK
Content-Type: application/json; charset=utf-8
cache-control: no-cache
content-length: 49728

16:33:35.022 [AsyncHttpClient-1-6] DEBUG org.asynchttpclient.netty.channel.ChannelManager - Adding key: http://localhost:59029 for channel [id: 0xda77fe35, L:/127.0.0.1:51031 - R:localhost/127.0.0.1:59029]
16:33:35.027 [main] DEBUG net.serenitybdd.core.photography.Darkroom - Send negative for processing for target\site\serenity\3d84226707b1067c384114e55692601285bed65a9b481d201f9cf7c90b6eb377.png
16:33:35.027 [main] DEBUG net.thucydides.core.steps.StepInterceptor - STEP DONE: validateErrorKelolaJadwal
  &amp#27;[32mAnd &amp#27;[0m&amp#27;[32mValidate data error kelola jadwal&amp#27;[0m                                                            &amp#27;[90m# starter.stepdefinitios.KelolaJadwalSteps.validateDataErrorKelolaJadwal()&amp#27;[0m
16:33:35.087 [AsyncHttpClient-1-8] DEBUG org.asynchttpclient.netty.handler.WebSocketHandler - Channel Closed: [id: 0x66e53f00, L:/127.0.0.1:51046 ! R:localhost/127.0.0.1:51033] with attribute NettyResponseFuture{currentRetry=5,
	isDone=1,
	isCancelled=0,
	asyncHandler=org.asynchttpclient.ws.WebSocketUpgradeHandler@1851d06e,
	nettyRequest=org.asynchttpclient.netty.request.NettyRequest@7089d047,
	future=java.util.concurrent.CompletableFuture@3f8de22e[Completed normally],
	uri=ws://localhost:51033/devtools/browser/df5e09a9-adde-41b7-a0ad-2921f2c852b1,
	keepAlive=true,
	redirectCount=0,
	timeoutsHolder=null,
	inAuth=0,
	touch=1657445602232}
16:33:35.088 [AsyncHttpClient-1-8] DEBUG org.asynchttpclient.netty.channel.ChannelManager - Closing Channel [id: 0x66e53f00, L:/127.0.0.1:51046 ! R:localhost/127.0.0.1:51033] 
16:33:35.091 [Driver Command Executor] DEBUG org.asynchttpclient.netty.request.NettyRequestSender - Using pooled Channel '[id: 0xda77fe35, L:/127.0.0.1:51031 - R:localhost/127.0.0.1:59029]' for 'DELETE' to 'http://localhost:59029/session/c1f7077ab5e549f41a268f55130d7847'
16:33:35.091 [Driver Command Executor] DEBUG org.asynchttpclient.netty.request.NettyRequestSender - Using open Channel [id: 0xda77fe35, L:/127.0.0.1:51031 - R:localhost/127.0.0.1:59029] for DELETE '/session/c1f7077ab5e549f41a268f55130d7847'
16:33:35.147 [AsyncHttpClient-1-1] DEBUG org.asynchttpclient.netty.channel.DefaultChannelPool - Entry count for : http://localhost:51033 : 1
16:33:36.241 [AsyncHttpClient-1-1] DEBUG org.asynchttpclient.netty.channel.DefaultChannelPool - Entry count for : http://localhost:51033 : 1
16:33:37.353 [AsyncHttpClient-1-1] DEBUG org.asynchttpclient.netty.channel.DefaultChannelPool - Entry count for : http://localhost:51033 : 1
16:33:38.454 [AsyncHttpClient-1-1] DEBUG org.asynchttpclient.netty.channel.DefaultChannelPool - Entry count for : http://localhost:51033 : 1
16:33:39.542 [AsyncHttpClient-1-1] DEBUG org.asynchttpclient.netty.channel.DefaultChannelPool - Entry count for : http://localhost:51033 : 1
16:33:40.650 [AsyncHttpClient-1-1] DEBUG org.asynchttpclient.netty.channel.DefaultChannelPool - Entry count for : http://localhost:51033 : 1
16:33:41.745 [AsyncHttpClient-1-1] DEBUG org.asynchttpclient.netty.channel.DefaultChannelPool - Entry count for : http://localhost:51033 : 1
16:33:42.841 [AsyncHttpClient-1-1] DEBUG org.asynchttpclient.netty.channel.DefaultChannelPool - Entry count for : http://localhost:51033 : 1
16:33:43.943 [AsyncHttpClient-1-1] DEBUG org.asynchttpclient.netty.channel.DefaultChannelPool - Entry count for : http://localhost:51033 : 1
16:33:45.047 [AsyncHttpClient-1-1] DEBUG org.asynchttpclient.netty.channel.DefaultChannelPool - Entry count for : http://localhost:51033 : 1
16:33:46.152 [AsyncHttpClient-1-1] DEBUG org.asynchttpclient.netty.channel.DefaultChannelPool - Entry count for : http://localhost:51033 : 1
16:33:47.242 [AsyncHttpClient-1-1] DEBUG org.asynchttpclient.netty.channel.DefaultChannelPool - Entry count for : http://localhost:51033 : 1
16:33:47.987 [AsyncHttpClient-1-7] DEBUG org.asynchttpclient.netty.handler.HttpHandler - Unexpected I/O exception on channel [id: 0xd54db6b8, L:/127.0.0.1:51045 - R:localhost/127.0.0.1:51033]
java.io.IOException: An existing connection was forcibly closed by the remote host
	at java.base/sun.nio.ch.SocketDispatcher.read0(Native Method)
	at java.base/sun.nio.ch.SocketDispatcher.read(SocketDispatcher.java:43)
	at java.base/sun.nio.ch.IOUtil.readIntoNativeBuffer(IOUtil.java:276)
	at java.base/sun.nio.ch.IOUtil.read(IOUtil.java:233)
	at java.base/sun.nio.ch.IOUtil.read(IOUtil.java:223)
	at java.base/sun.nio.ch.SocketChannelImpl.read(SocketChannelImpl.java:358)
	at io.netty.buffer.PooledByteBuf.setBytes(PooledByteBuf.java:258)
	at io.netty.buffer.AbstractByteBuf.writeBytes(AbstractByteBuf.java:1132)
	at io.netty.channel.socket.nio.NioSocketChannel.doReadBytes(NioSocketChannel.java:350)
	at io.netty.channel.nio.AbstractNioByteChannel$NioByteUnsafe.read(AbstractNioByteChannel.java:151)
	at io.netty.channel.nio.NioEventLoop.processSelectedKey(NioEventLoop.java:722)
	at io.netty.channel.nio.NioEventLoop.processSelectedKeysOptimized(NioEventLoop.java:658)
	at io.netty.channel.nio.NioEventLoop.processSelectedKeys(NioEventLoop.java:584)
	at io.netty.channel.nio.NioEventLoop.run(NioEventLoop.java:496)
	at io.netty.util.concurrent.SingleThreadEventExecutor$4.run(SingleThreadEventExecutor.java:986)
	at io.netty.util.internal.ThreadExecutorMap$2.run(ThreadExecutorMap.java:74)
	at io.netty.util.concurrent.FastThreadLocalRunnable.run(FastThreadLocalRunnable.java:30)
	at java.base/java.lang.Thread.run(Thread.java:834)
16:33:47.988 [AsyncHttpClient-1-7] DEBUG org.asynchttpclient.netty.channel.ChannelManager - Closing Channel [id: 0xd54db6b8, L:/127.0.0.1:51045 - R:localhost/127.0.0.1:51033] 
16:33:47.988 [AsyncHttpClient-1-7] DEBUG org.asynchttpclient.netty.handler.HttpHandler - Channel Closed: [id: 0xd54db6b8, L:/127.0.0.1:51045 ! R:localhost/127.0.0.1:51033] with attribute DISCARD
16:33:48.151 [AsyncHttpClient-1-6] DEBUG org.asynchttpclient.netty.handler.HttpHandler - 

Request DefaultFullHttpRequest(decodeResult: success, version: HTTP/1.1, content: EmptyByteBufBE)
DELETE /session/c1f7077ab5e549f41a268f55130d7847 HTTP/1.1
User-Agent: selenium/4.1.2 (java windows)
Content-Type: application/json; charset=utf-8
host: localhost:59029
accept: */*

Response DefaultHttpResponse(decodeResult: success, version: HTTP/1.1)
HTTP/1.1 200 OK
Content-Type: application/json; charset=utf-8
cache-control: no-cache
content-length: 14

16:33:48.151 [AsyncHttpClient-1-6] DEBUG org.asynchttpclient.netty.channel.ChannelManager - Adding key: http://localhost:59029 for channel [id: 0xda77fe35, L:/127.0.0.1:51031 - R:localhost/127.0.0.1:59029]
16:33:48.340 [AsyncHttpClient-1-1] DEBUG org.asynchttpclient.netty.channel.DefaultChannelPool - Entry count for : http://localhost:51033 : 1
16:33:48.340 [AsyncHttpClient-1-1] DEBUG org.asynchttpclient.netty.channel.DefaultChannelPool - Entry count for : http://localhost:59029 : 1
16:33:48.340 [AsyncHttpClient-1-1] DEBUG org.asynchttpclient.netty.channel.DefaultChannelPool - Adding Candidate expired Channel [id: 0xd54db6b8, L:/127.0.0.1:51045 ! R:localhost/127.0.0.1:51033] isIdleTimeoutExpired=false isRemotelyClosed=true isTtlExpired=false
16:33:48.340 [AsyncHttpClient-1-1] DEBUG org.asynchttpclient.netty.channel.DefaultChannelPool - Closing Idle Channel [id: 0xd54db6b8, L:/127.0.0.1:51045 ! R:localhost/127.0.0.1:51033]
16:33:48.340 [AsyncHttpClient-1-1] DEBUG org.asynchttpclient.netty.channel.DefaultChannelPool - Closed 1 connections out of 2 in 0 ms
16:33:49.261 [AsyncHttpClient-1-6] DEBUG org.asynchttpclient.netty.handler.HttpHandler - Unexpected I/O exception on channel [id: 0xda77fe35, L:/127.0.0.1:51031 - R:localhost/127.0.0.1:59029]
java.io.IOException: An existing connection was forcibly closed by the remote host
	at java.base/sun.nio.ch.SocketDispatcher.read0(Native Method)
	at java.base/sun.nio.ch.SocketDispatcher.read(SocketDispatcher.java:43)
	at java.base/sun.nio.ch.IOUtil.readIntoNativeBuffer(IOUtil.java:276)
	at java.base/sun.nio.ch.IOUtil.read(IOUtil.java:233)
	at java.base/sun.nio.ch.IOUtil.read(IOUtil.java:223)
	at java.base/sun.nio.ch.SocketChannelImpl.read(SocketChannelImpl.java:358)
	at io.netty.buffer.PooledByteBuf.setBytes(PooledByteBuf.java:258)
	at io.netty.buffer.AbstractByteBuf.writeBytes(AbstractByteBuf.java:1132)
	at io.netty.channel.socket.nio.NioSocketChannel.doReadBytes(NioSocketChannel.java:350)
	at io.netty.channel.nio.AbstractNioByteChannel$NioByteUnsafe.read(AbstractNioByteChannel.java:151)
	at io.netty.channel.nio.NioEventLoop.processSelectedKey(NioEventLoop.java:722)
	at io.netty.channel.nio.NioEventLoop.processSelectedKeysOptimized(NioEventLoop.java:658)
	at io.netty.channel.nio.NioEventLoop.processSelectedKeys(NioEventLoop.java:584)
	at io.netty.channel.nio.NioEventLoop.run(NioEventLoop.java:496)
	at io.netty.util.concurrent.SingleThreadEventExecutor$4.run(SingleThreadEventExecutor.java:986)
	at io.netty.util.internal.ThreadExecutorMap$2.run(ThreadExecutorMap.java:74)
	at io.netty.util.concurrent.FastThreadLocalRunnable.run(FastThreadLocalRunnable.java:30)
	at java.base/java.lang.Thread.run(Thread.java:834)
16:33:49.261 [AsyncHttpClient-1-6] DEBUG org.asynchttpclient.netty.channel.ChannelManager - Closing Channel [id: 0xda77fe35, L:/127.0.0.1:51031 - R:localhost/127.0.0.1:59029] 
16:33:49.262 [AsyncHttpClient-1-6] DEBUG org.asynchttpclient.netty.handler.HttpHandler - Channel Closed: [id: 0xda77fe35, L:/127.0.0.1:51031 ! R:localhost/127.0.0.1:59029] with attribute DISCARD
16:33:49.289 [main] INFO  - 
  _____   ___   ___   _____     ___     _     ___   ___   ___   ___  
 |_   _| | __| / __| |_   _|   | _ \   /_\   / __| / __| | __| |   \ 
   | |   | _|  \__ \   | |     |  _/  / _ \  \__ \ \__ \ | _|  | |) |
   |_|   |___| |___/   |_|     |_|   /_/ \_\ |___/ |___/ |___| |___/ 

As a admin i want to Add Manage Schedule Rawat Biasa - Tanpa tanggal dan perawat
----------------------------------------------------------------------
]]></system-out>
    <system-err><![CDATA[Starting ChromeDriver 103.0.5060.53 (a1711811edd74ff1cf2150f36ffa3b0dae40b17f-refs/branch-heads/5060@{#853}) on port 59029
Only local connections are allowed.
Please see https://chromedriver.chromium.org/security-considerations for suggestions on keeping ChromeDriver safe.
ChromeDriver was started successfully.
Jul 10, 2022 4:33:22 PM org.openqa.selenium.remote.ProtocolHandshake createSession
INFO: Detected dialect: W3C
Jul 10, 2022 4:33:22 PM org.openqa.selenium.devtools.CdpVersionFinder findNearestMatch
WARNING: Unable to find an exact match for CDP version 103, so returning the closest version found: a no-op implementation
Jul 10, 2022 4:33:22 PM org.openqa.selenium.devtools.CdpVersionFinder findNearestMatch
INFO: Unable to find CDP implementation matching 103.
Jul 10, 2022 4:33:22 PM org.openqa.selenium.chromium.ChromiumDriver lambda$new$3
WARNING: Unable to find version of CDP to use for . You may need to include a dependency on a specific version of the CDP using something similar to `org.seleniumhq.selenium:selenium-devtools-v86:4.1.2` where the version ("v86") matches the version of the chromium-based browser you're using and the version number of the artifact is the same as Selenium's.
]]></system-err>
  </testcase>
</testsuite>